2025-05-27 19:42:52 [INF] (Microsoft.Hosting.Lifetime) Application started. Press Ctrl+C to shut down.
2025-05-27 19:42:52 [INF] (Microsoft.Hosting.Lifetime) Hosting environment: "Production"
2025-05-27 19:42:52 [INF] (Microsoft.Hosting.Lifetime) Content root path: "C:\Users\qq864\Desktop\Project\软构项目\RuanGou-project\frontend\bin\Debug\net8.0-windows"
2025-05-27 19:43:10 [ERR] () 程序退出了
2025-05-27 19:44:02 [INF] (Microsoft.Hosting.Lifetime) Application started. Press Ctrl+C to shut down.
2025-05-27 19:44:02 [INF] (Microsoft.Hosting.Lifetime) Hosting environment: "Production"
2025-05-27 19:44:02 [INF] (Microsoft.Hosting.Lifetime) Content root path: "C:\Users\qq864\Desktop\Project\软构项目\RuanGou-project\frontend\bin\Debug\net8.0-windows"
2025-05-27 19:45:00 [INF] (frontend.ViewModels.QuickLaunchViewModel) 从文件加载了 4 个快捷方式
2025-05-27 19:45:01 [INF] (frontend.ViewModels.QuickLaunchViewModel) 快捷方式数据已保存
2025-05-27 19:46:53 [INF] (Microsoft.Hosting.Lifetime) Application started. Press Ctrl+C to shut down.
2025-05-27 19:46:53 [INF] (Microsoft.Hosting.Lifetime) Hosting environment: "Production"
2025-05-27 19:46:53 [INF] (Microsoft.Hosting.Lifetime) Content root path: "C:\Users\qq864\Desktop\Project\软构项目\RuanGou-project\frontend\bin\Debug\net8.0-windows"
2025-05-27 19:52:34 [ERR] () 程序退出了
2025-05-27 19:55:13 [INF] (Microsoft.Hosting.Lifetime) Application started. Press Ctrl+C to shut down.
2025-05-27 19:55:13 [INF] (Microsoft.Hosting.Lifetime) Hosting environment: "Production"
2025-05-27 19:55:13 [INF] (Microsoft.Hosting.Lifetime) Content root path: "C:\Users\qq864\Desktop\Project\软构项目\RuanGou-project\frontend\bin\Debug\net8.0-windows"
2025-05-27 19:57:28 [INF] (frontend.ViewModels.QuickLaunchViewModel) 从文件加载了 4 个快捷方式
2025-05-27 19:57:48 [INF] (frontend.ViewModels.QuickLaunchViewModel) 添加了新的快捷方式: Apifox
2025-05-27 19:57:48 [INF] (frontend.ViewModels.QuickLaunchViewModel) 快捷方式数据已保存
2025-05-27 19:58:07 [INF] (frontend.ViewModels.QuickLaunchViewModel) 启动了快捷方式: Apifox
2025-05-27 19:58:07 [INF] (frontend.ViewModels.QuickLaunchViewModel) 快捷方式数据已保存
2025-05-27 19:58:08 [INF] (frontend.ViewModels.QuickLaunchViewModel) 启动了快捷方式: Apifox
2025-05-27 19:58:08 [INF] (frontend.ViewModels.QuickLaunchViewModel) 快捷方式数据已保存
2025-05-27 19:58:22 [INF] (frontend.ViewModels.QuickLaunchViewModel) 快捷方式数据已保存
2025-05-27 20:01:51 [ERR] () 程序退出了
2025-05-27 20:02:55 [INF] (Microsoft.Hosting.Lifetime) Application started. Press Ctrl+C to shut down.
2025-05-27 20:02:55 [INF] (Microsoft.Hosting.Lifetime) Hosting environment: "Production"
2025-05-27 20:02:55 [INF] (Microsoft.Hosting.Lifetime) Content root path: "C:\Users\qq864\Desktop\Project\软构项目\RuanGou-project\frontend\bin\Debug\net8.0-windows"
2025-05-27 20:03:15 [ERR] () 程序退出了
2025-05-27 20:14:47 [INF] (Microsoft.Hosting.Lifetime) Application started. Press Ctrl+C to shut down.
2025-05-27 20:14:47 [INF] (Microsoft.Hosting.Lifetime) Hosting environment: "Production"
2025-05-27 20:14:47 [INF] (Microsoft.Hosting.Lifetime) Content root path: "C:\Users\qq864\Desktop\Project\软构项目\RuanGou-project\frontend\bin\Debug\net8.0-windows"
2025-05-27 20:15:27 [ERR] () 程序退出了
2025-05-27 20:17:55 [INF] (Microsoft.Hosting.Lifetime) Application started. Press Ctrl+C to shut down.
2025-05-27 20:17:55 [INF] (Microsoft.Hosting.Lifetime) Hosting environment: "Production"
2025-05-27 20:17:55 [INF] (Microsoft.Hosting.Lifetime) Content root path: "C:\Users\qq864\Desktop\Project\软构项目\RuanGou-project\frontend\bin\Debug\net8.0-windows"
2025-05-27 20:18:14 [ERR] () 程序退出了
2025-05-27 20:20:04 [INF] (Microsoft.Hosting.Lifetime) Application started. Press Ctrl+C to shut down.
2025-05-27 20:20:04 [INF] (Microsoft.Hosting.Lifetime) Hosting environment: "Production"
2025-05-27 20:20:04 [INF] (Microsoft.Hosting.Lifetime) Content root path: "C:\Users\qq864\Desktop\Project\软构项目\RuanGou-project\frontend\bin\Debug\net8.0-windows"
2025-05-27 20:21:31 [ERR] () 程序退出了
2025-05-27 20:21:55 [INF] (Microsoft.Hosting.Lifetime) Application started. Press Ctrl+C to shut down.
2025-05-27 20:21:55 [INF] (Microsoft.Hosting.Lifetime) Hosting environment: "Production"
2025-05-27 20:21:55 [INF] (Microsoft.Hosting.Lifetime) Content root path: "C:\Users\qq864\Desktop\Project\软构项目\RuanGou-project\frontend\bin\Debug\net8.0-windows"
2025-05-27 20:21:59 [ERR] () 程序退出了
2025-05-27 20:25:54 [INF] (Microsoft.Hosting.Lifetime) Application started. Press Ctrl+C to shut down.
2025-05-27 20:25:54 [INF] (Microsoft.Hosting.Lifetime) Hosting environment: "Production"
2025-05-27 20:25:54 [INF] (Microsoft.Hosting.Lifetime) Content root path: "C:\Users\qq864\Desktop\Project\软构项目\RuanGou-project\frontend\bin\Debug\net8.0-windows"
2025-05-27 20:26:06 [ERR] () 程序退出了
2025-05-27 20:27:00 [INF] (Microsoft.Hosting.Lifetime) Application started. Press Ctrl+C to shut down.
2025-05-27 20:27:00 [INF] (Microsoft.Hosting.Lifetime) Hosting environment: "Production"
2025-05-27 20:27:00 [INF] (Microsoft.Hosting.Lifetime) Content root path: "C:\Users\qq864\Desktop\Project\软构项目\RuanGou-project\frontend\bin\Debug\net8.0-windows"
2025-05-27 20:27:06 [ERR] () 程序退出了
2025-05-27 20:38:36 [INF] (Microsoft.Hosting.Lifetime) Application started. Press Ctrl+C to shut down.
2025-05-27 20:38:36 [INF] (Microsoft.Hosting.Lifetime) Hosting environment: "Production"
2025-05-27 20:38:36 [INF] (Microsoft.Hosting.Lifetime) Content root path: "C:\Users\qq864\Desktop\Project\软构项目\RuanGou-project\frontend\bin\Debug\net8.0-windows"
2025-05-27 20:38:42 [ERR] () 程序退出了
2025-05-27 20:42:02 [INF] (Microsoft.Hosting.Lifetime) Application started. Press Ctrl+C to shut down.
2025-05-27 20:42:02 [INF] (Microsoft.Hosting.Lifetime) Hosting environment: "Production"
2025-05-27 20:42:02 [INF] (Microsoft.Hosting.Lifetime) Content root path: "C:\Users\qq864\Desktop\Project\软构项目\RuanGou-project\frontend\bin\Debug\net8.0-windows"
2025-05-27 20:42:12 [ERR] () 程序退出了
2025-05-27 20:43:47 [INF] (Microsoft.Hosting.Lifetime) Application started. Press Ctrl+C to shut down.
2025-05-27 20:43:47 [INF] (Microsoft.Hosting.Lifetime) Hosting environment: "Production"
2025-05-27 20:43:47 [INF] (Microsoft.Hosting.Lifetime) Content root path: "C:\Users\qq864\Desktop\Project\软构项目\RuanGou-project\frontend\bin\Debug\net8.0-windows"
2025-05-27 20:43:54 [ERR] () 程序退出了
2025-05-27 20:44:22 [INF] (Microsoft.Hosting.Lifetime) Application started. Press Ctrl+C to shut down.
2025-05-27 20:44:22 [INF] (Microsoft.Hosting.Lifetime) Hosting environment: "Production"
2025-05-27 20:44:22 [INF] (Microsoft.Hosting.Lifetime) Content root path: "C:\Users\qq864\Desktop\Project\软构项目\RuanGou-project\frontend\bin\Debug\net8.0-windows"
2025-05-27 20:44:26 [ERR] () 程序退出了
