2025-05-14 14:09:44 [INF] (Microsoft.Hosting.Lifetime) Application started. Press Ctrl+C to shut down.
2025-05-14 14:09:44 [INF] (Microsoft.Hosting.Lifetime) Hosting environment: "Production"
2025-05-14 14:09:44 [INF] (Microsoft.Hosting.Lifetime) Content root path: "C:\Users\qq864\Desktop\Project\软构项目\RuanGou-project\frontend\bin\Debug\net8.0-windows"
2025-05-14 14:10:19 [ERR] () 程序退出了
2025-05-14 14:20:36 [INF] (Microsoft.Hosting.Lifetime) Application started. Press Ctrl+C to shut down.
2025-05-14 14:20:36 [INF] (Microsoft.Hosting.Lifetime) Hosting environment: "Production"
2025-05-14 14:20:36 [INF] (Microsoft.Hosting.Lifetime) Content root path: "C:\Users\qq864\Desktop\Project\软构项目\RuanGou-project\frontend\bin\Debug\net8.0-windows"
2025-05-14 14:20:44 [ERR] () 程序退出了
2025-05-14 14:21:44 [INF] (Microsoft.Hosting.Lifetime) Application started. Press Ctrl+C to shut down.
2025-05-14 14:21:44 [INF] (Microsoft.Hosting.Lifetime) Hosting environment: "Production"
2025-05-14 14:21:44 [INF] (Microsoft.Hosting.Lifetime) Content root path: "C:\Users\qq864\Desktop\Project\软构项目\RuanGou-project\frontend\bin\Debug\net8.0-windows"
2025-05-14 14:21:51 [ERR] () 程序退出了
2025-05-14 14:24:51 [INF] (Microsoft.Hosting.Lifetime) Application started. Press Ctrl+C to shut down.
2025-05-14 14:24:51 [INF] (Microsoft.Hosting.Lifetime) Hosting environment: "Production"
2025-05-14 14:24:51 [INF] (Microsoft.Hosting.Lifetime) Content root path: "C:\Users\qq864\Desktop\Project\软构项目\RuanGou-project\frontend\bin\Debug\net8.0-windows"
2025-05-14 14:25:01 [ERR] () 程序退出了
2025-05-14 14:25:34 [INF] (Microsoft.Hosting.Lifetime) Application started. Press Ctrl+C to shut down.
2025-05-14 14:25:34 [INF] (Microsoft.Hosting.Lifetime) Hosting environment: "Production"
2025-05-14 14:25:34 [INF] (Microsoft.Hosting.Lifetime) Content root path: "C:\Users\qq864\Desktop\Project\软构项目\RuanGou-project\frontend\bin\Debug\net8.0-windows"
2025-05-14 14:25:40 [ERR] () 程序退出了
2025-05-14 14:26:41 [INF] (Microsoft.Hosting.Lifetime) Application started. Press Ctrl+C to shut down.
2025-05-14 14:26:42 [INF] (Microsoft.Hosting.Lifetime) Hosting environment: "Production"
2025-05-14 14:26:42 [INF] (Microsoft.Hosting.Lifetime) Content root path: "C:\Users\qq864\Desktop\Project\软构项目\RuanGou-project\frontend\bin\Debug\net8.0-windows"
2025-05-14 14:26:56 [ERR] () 程序退出了
2025-05-14 14:55:09 [INF] (Microsoft.Hosting.Lifetime) Application started. Press Ctrl+C to shut down.
2025-05-14 14:55:09 [INF] (Microsoft.Hosting.Lifetime) Hosting environment: "Production"
2025-05-14 14:55:09 [INF] (Microsoft.Hosting.Lifetime) Content root path: "C:\Users\qq864\Desktop\Project\软构项目\RuanGou-project\frontend\bin\Debug\net8.0-windows"
2025-05-14 14:55:29 [ERR] () 程序退出了
2025-05-14 15:02:34 [INF] (Microsoft.Hosting.Lifetime) Application started. Press Ctrl+C to shut down.
2025-05-14 15:02:34 [INF] (Microsoft.Hosting.Lifetime) Hosting environment: "Production"
2025-05-14 15:02:34 [INF] (Microsoft.Hosting.Lifetime) Content root path: "C:\Users\qq864\Desktop\Project\软构项目\RuanGou-project\frontend\bin\Debug\net8.0-windows"
2025-05-14 15:02:59 [INF] (frontend.ViewModels.SettingViewModel) 初始化设置页面数据
2025-05-14 15:03:12 [DBG] (frontend.ViewModels.DashboardViewModel) 写入Debug日志
2025-05-14 15:03:12 [INF] (frontend.ViewModels.DashboardViewModel) 写入Information日志
2025-05-14 15:03:12 [WRN] (frontend.ViewModels.DashboardViewModel) 写入Warning日志
2025-05-14 15:03:12 [ERR] (frontend.ViewModels.DashboardViewModel) 写入Error日志
2025-05-14 15:35:35 [ERR] () 程序退出了
2025-05-14 15:54:00 [INF] (Microsoft.Hosting.Lifetime) Application started. Press Ctrl+C to shut down.
2025-05-14 15:54:00 [INF] (Microsoft.Hosting.Lifetime) Hosting environment: "Production"
2025-05-14 15:54:00 [INF] (Microsoft.Hosting.Lifetime) Content root path: "C:\Users\qq864\Desktop\Project\软构项目\RuanGou-project\frontend\bin\Debug\net8.0-windows"
2025-05-14 15:54:26 [ERR] () 程序退出了
2025-05-14 16:11:13 [INF] (Microsoft.Hosting.Lifetime) Application started. Press Ctrl+C to shut down.
2025-05-14 16:11:13 [INF] (Microsoft.Hosting.Lifetime) Hosting environment: "Production"
2025-05-14 16:11:13 [INF] (Microsoft.Hosting.Lifetime) Content root path: "C:\Users\qq864\Desktop\Project\软构项目\RuanGou-project\frontend\bin\Debug\net8.0-windows"
2025-05-14 16:11:28 [ERR] () 程序退出了
2025-05-14 16:11:34 [INF] (Microsoft.Hosting.Lifetime) Application started. Press Ctrl+C to shut down.
2025-05-14 16:11:34 [INF] (Microsoft.Hosting.Lifetime) Hosting environment: "Production"
2025-05-14 16:11:34 [INF] (Microsoft.Hosting.Lifetime) Content root path: "C:\Users\qq864\Desktop\Project\软构项目\RuanGou-project\frontend\bin\Debug\net8.0-windows"
2025-05-14 16:11:56 [ERR] () 程序退出了
2025-05-14 16:13:25 [INF] (Microsoft.Hosting.Lifetime) Application started. Press Ctrl+C to shut down.
2025-05-14 16:13:25 [INF] (Microsoft.Hosting.Lifetime) Hosting environment: "Production"
2025-05-14 16:13:25 [INF] (Microsoft.Hosting.Lifetime) Content root path: "C:\Users\qq864\Desktop\Project\软构项目\RuanGou-project\frontend\bin\Debug\net8.0-windows"
2025-05-14 16:15:51 [ERR] () 程序退出了
2025-05-14 16:15:59 [INF] (Microsoft.Hosting.Lifetime) Application started. Press Ctrl+C to shut down.
2025-05-14 16:15:59 [INF] (Microsoft.Hosting.Lifetime) Hosting environment: "Production"
2025-05-14 16:15:59 [INF] (Microsoft.Hosting.Lifetime) Content root path: "C:\Users\qq864\Desktop\Project\软构项目\RuanGou-project\frontend\bin\Debug\net8.0-windows"
2025-05-14 16:16:50 [ERR] () 程序退出了
2025-05-14 16:18:02 [INF] (Microsoft.Hosting.Lifetime) Application started. Press Ctrl+C to shut down.
2025-05-14 16:18:02 [INF] (Microsoft.Hosting.Lifetime) Hosting environment: "Production"
2025-05-14 16:18:02 [INF] (Microsoft.Hosting.Lifetime) Content root path: "C:\Users\qq864\Desktop\Project\软构项目\RuanGou-project\frontend\bin\Debug\net8.0-windows"
2025-05-14 16:18:13 [ERR] () 程序退出了
2025-05-14 16:20:24 [INF] (Microsoft.Hosting.Lifetime) Application started. Press Ctrl+C to shut down.
2025-05-14 16:20:24 [INF] (Microsoft.Hosting.Lifetime) Hosting environment: "Production"
2025-05-14 16:20:24 [INF] (Microsoft.Hosting.Lifetime) Content root path: "C:\Users\qq864\Desktop\Project\软构项目\RuanGou-project\frontend\bin\Debug\net8.0-windows"
2025-05-14 16:21:04 [INF] (Microsoft.Hosting.Lifetime) Application started. Press Ctrl+C to shut down.
2025-05-14 16:21:04 [INF] (Microsoft.Hosting.Lifetime) Hosting environment: "Production"
2025-05-14 16:21:04 [INF] (Microsoft.Hosting.Lifetime) Content root path: "C:\Users\qq864\Desktop\Project\软构项目\RuanGou-project\frontend\bin\Debug\net8.0-windows"
2025-05-14 16:22:34 [INF] (Microsoft.Hosting.Lifetime) Application started. Press Ctrl+C to shut down.
2025-05-14 16:22:34 [INF] (Microsoft.Hosting.Lifetime) Hosting environment: "Production"
2025-05-14 16:22:34 [INF] (Microsoft.Hosting.Lifetime) Content root path: "C:\Users\qq864\Desktop\Project\软构项目\RuanGou-project\frontend\bin\Debug\net8.0-windows"
2025-05-14 16:25:27 [INF] (Microsoft.Hosting.Lifetime) Application started. Press Ctrl+C to shut down.
2025-05-14 16:25:27 [INF] (Microsoft.Hosting.Lifetime) Hosting environment: "Production"
2025-05-14 16:25:27 [INF] (Microsoft.Hosting.Lifetime) Content root path: "C:\Users\qq864\Desktop\Project\软构项目\RuanGou-project\frontend\bin\Debug\net8.0-windows"
2025-05-14 16:25:27 [ERR] () 程序退出了
2025-05-14 16:29:47 [INF] (Microsoft.Hosting.Lifetime) Application started. Press Ctrl+C to shut down.
2025-05-14 16:29:47 [INF] (Microsoft.Hosting.Lifetime) Hosting environment: "Production"
2025-05-14 16:29:47 [INF] (Microsoft.Hosting.Lifetime) Content root path: "C:\Users\qq864\Desktop\Project\软构项目\RuanGou-project\frontend\bin\Debug\net8.0-windows"
2025-05-14 16:31:21 [INF] (Microsoft.Hosting.Lifetime) Application started. Press Ctrl+C to shut down.
2025-05-14 16:31:21 [INF] (Microsoft.Hosting.Lifetime) Hosting environment: "Production"
2025-05-14 16:31:21 [INF] (Microsoft.Hosting.Lifetime) Content root path: "C:\Users\qq864\Desktop\Project\软构项目\RuanGou-project\frontend\bin\Debug\net8.0-windows"
2025-05-14 16:31:21 [ERR] () 程序退出了
2025-05-14 16:32:54 [ERR] (Microsoft.Extensions.Hosting.Internal.Host) Hosting failed to start
System.InvalidOperationException: 无法将 Owner 属性设置为之前未显示的 Window。
   at System.Windows.Window.set_Owner(Window value)
   at frontend.MainWindow..ctor(MainWindowViewModel viewModel) in C:\Users\qq864\Desktop\Project\软构项目\RuanGou-project\frontend\Views\MainWindow.xaml.cs:line 27
   at System.RuntimeMethodHandle.InvokeMethod(Object target, Void** arguments, Signature sig, Boolean isConstructor)
   at System.Reflection.MethodBaseInvoker.InvokeDirectByRefWithFewArgs(Object obj, Span`1 copyOfArgs, BindingFlags invokeAttr)
   at System.Reflection.MethodBaseInvoker.InvokeWithOneArg(Object obj, BindingFlags invokeAttr, Binder binder, Object[] parameters, CultureInfo culture)
   at System.Reflection.RuntimeConstructorInfo.Invoke(BindingFlags invokeAttr, Binder binder, Object[] parameters, CultureInfo culture)
   at Microsoft.Extensions.DependencyInjection.ServiceLookup.CallSiteRuntimeResolver.VisitConstructor(ConstructorCallSite constructorCallSite, RuntimeResolverContext context)
   at Microsoft.Extensions.DependencyInjection.ServiceLookup.CallSiteVisitor`2.VisitCallSiteMain(ServiceCallSite callSite, TArgument argument)
   at Microsoft.Extensions.DependencyInjection.ServiceLookup.CallSiteRuntimeResolver.VisitRootCache(ServiceCallSite callSite, RuntimeResolverContext context)
   at Microsoft.Extensions.DependencyInjection.ServiceLookup.CallSiteVisitor`2.VisitCallSite(ServiceCallSite callSite, TArgument argument)
   at Microsoft.Extensions.DependencyInjection.ServiceLookup.CallSiteRuntimeResolver.Resolve(ServiceCallSite callSite, ServiceProviderEngineScope scope)
   at Microsoft.Extensions.DependencyInjection.ServiceProvider.CreateServiceAccessor(ServiceIdentifier serviceIdentifier)
   at System.Collections.Concurrent.ConcurrentDictionary`2.GetOrAdd(TKey key, Func`2 valueFactory)
   at Microsoft.Extensions.DependencyInjection.ServiceProvider.GetService(ServiceIdentifier serviceIdentifier, ServiceProviderEngineScope serviceProviderEngineScope)
   at Microsoft.Extensions.DependencyInjection.ServiceLookup.ServiceProviderEngineScope.GetService(Type serviceType)
   at frontend.ApplicationHostService.HandleActivationAsync() in C:\Users\qq864\Desktop\Project\软构项目\RuanGou-project\frontend\Services\App\ApplicationHostService.cs:line 55
   at frontend.ApplicationHostService.StartAsync(CancellationToken cancellationToken) in C:\Users\qq864\Desktop\Project\软构项目\RuanGou-project\frontend\Services\App\ApplicationHostService.cs:line 34
   at Microsoft.Extensions.Hosting.Internal.Host.<StartAsync>b__14_1(IHostedService service, CancellationToken token)
   at Microsoft.Extensions.Hosting.Internal.Host.ForeachService[T](IEnumerable`1 services, CancellationToken token, Boolean concurrent, Boolean abortOnFirstException, List`1 exceptions, Func`3 operation)
2025-05-14 16:36:11 [INF] (Microsoft.Hosting.Lifetime) Application started. Press Ctrl+C to shut down.
2025-05-14 16:36:11 [INF] (Microsoft.Hosting.Lifetime) Hosting environment: "Production"
2025-05-14 16:36:11 [INF] (Microsoft.Hosting.Lifetime) Content root path: "C:\Users\qq864\Desktop\Project\软构项目\RuanGou-project\frontend\bin\Debug\net8.0-windows"
2025-05-14 16:36:11 [ERR] () 程序退出了
2025-05-14 16:36:28 [INF] (Microsoft.Hosting.Lifetime) Application started. Press Ctrl+C to shut down.
2025-05-14 16:36:28 [INF] (Microsoft.Hosting.Lifetime) Hosting environment: "Production"
2025-05-14 16:36:28 [INF] (Microsoft.Hosting.Lifetime) Content root path: "C:\Users\qq864\Desktop\Project\软构项目\RuanGou-project\frontend\bin\Debug\net8.0-windows"
2025-05-14 16:36:28 [ERR] () 程序退出了
2025-05-14 16:36:41 [INF] (Microsoft.Hosting.Lifetime) Application started. Press Ctrl+C to shut down.
2025-05-14 16:36:41 [INF] (Microsoft.Hosting.Lifetime) Hosting environment: "Production"
2025-05-14 16:36:41 [INF] (Microsoft.Hosting.Lifetime) Content root path: "C:\Users\qq864\Desktop\Project\软构项目\RuanGou-project\frontend\bin\Debug\net8.0-windows"
2025-05-14 16:36:41 [ERR] () 程序退出了
2025-05-14 16:37:12 [INF] (Microsoft.Hosting.Lifetime) Application started. Press Ctrl+C to shut down.
2025-05-14 16:37:12 [INF] (Microsoft.Hosting.Lifetime) Hosting environment: "Production"
2025-05-14 16:37:12 [INF] (Microsoft.Hosting.Lifetime) Content root path: "C:\Users\qq864\Desktop\Project\软构项目\RuanGou-project\frontend\bin\Debug\net8.0-windows"
2025-05-14 16:37:14 [ERR] () 程序退出了
2025-05-14 16:37:22 [INF] (Microsoft.Hosting.Lifetime) Application started. Press Ctrl+C to shut down.
2025-05-14 16:37:22 [INF] (Microsoft.Hosting.Lifetime) Hosting environment: "Production"
2025-05-14 16:37:22 [INF] (Microsoft.Hosting.Lifetime) Content root path: "C:\Users\qq864\Desktop\Project\软构项目\RuanGou-project\frontend\bin\Debug\net8.0-windows"
2025-05-14 16:37:54 [ERR] () 程序退出了
2025-05-14 16:38:15 [INF] (Microsoft.Hosting.Lifetime) Application started. Press Ctrl+C to shut down.
2025-05-14 16:38:15 [INF] (Microsoft.Hosting.Lifetime) Hosting environment: "Production"
2025-05-14 16:38:15 [INF] (Microsoft.Hosting.Lifetime) Content root path: "C:\Users\qq864\Desktop\Project\软构项目\RuanGou-project\frontend\bin\Debug\net8.0-windows"
2025-05-14 16:38:20 [ERR] () 程序退出了
2025-05-14 16:38:47 [INF] (Microsoft.Hosting.Lifetime) Application started. Press Ctrl+C to shut down.
2025-05-14 16:38:47 [INF] (Microsoft.Hosting.Lifetime) Hosting environment: "Production"
2025-05-14 16:38:47 [INF] (Microsoft.Hosting.Lifetime) Content root path: "C:\Users\qq864\Desktop\Project\软构项目\RuanGou-project\frontend\bin\Debug\net8.0-windows"
2025-05-14 16:40:16 [ERR] () 程序退出了
