2025-05-24 01:41:01 [INF] (Microsoft.Hosting.Lifetime) Application started. Press Ctrl+C to shut down.
2025-05-24 01:41:01 [INF] (Microsoft.Hosting.Lifetime) Hosting environment: "Production"
2025-05-24 01:41:01 [INF] (Microsoft.Hosting.Lifetime) Content root path: "C:\Users\qq864\Desktop\Project\软构项目\RuanGou-project\frontend\bin\Debug\net8.0-windows"
2025-05-24 01:41:10 [ERR] () 程序退出了
2025-05-24 01:50:57 [INF] (Microsoft.Hosting.Lifetime) Application started. Press Ctrl+C to shut down.
2025-05-24 01:50:57 [INF] (Microsoft.Hosting.Lifetime) Hosting environment: "Production"
2025-05-24 01:50:57 [INF] (Microsoft.Hosting.Lifetime) Content root path: "C:\Users\qq864\Desktop\Project\软构项目\RuanGou-project\frontend\bin\Debug\net8.0-windows"
2025-05-24 01:51:56 [INF] (Microsoft.Hosting.Lifetime) Application started. Press Ctrl+C to shut down.
2025-05-24 01:51:56 [INF] (Microsoft.Hosting.Lifetime) Hosting environment: "Production"
2025-05-24 01:51:56 [INF] (Microsoft.Hosting.Lifetime) Content root path: "C:\Users\qq864\Desktop\Project\软构项目\RuanGou-project\frontend\bin\Debug\net8.0-windows"
2025-05-24 01:53:40 [ERR] () 程序退出了
2025-05-24 02:00:10 [INF] (Microsoft.Hosting.Lifetime) Application started. Press Ctrl+C to shut down.
2025-05-24 02:00:10 [INF] (Microsoft.Hosting.Lifetime) Hosting environment: "Production"
2025-05-24 02:00:10 [INF] (Microsoft.Hosting.Lifetime) Content root path: "C:\Users\qq864\Desktop\Project\软构项目\RuanGou-project\frontend\bin\Debug\net8.0-windows"
2025-05-24 02:00:18 [ERR] () 程序退出了
2025-05-24 02:00:51 [INF] (Microsoft.Hosting.Lifetime) Application started. Press Ctrl+C to shut down.
2025-05-24 02:00:51 [INF] (Microsoft.Hosting.Lifetime) Hosting environment: "Production"
2025-05-24 02:00:51 [INF] (Microsoft.Hosting.Lifetime) Content root path: "C:\Users\qq864\Desktop\Project\软构项目\RuanGou-project\frontend\bin\Debug\net8.0-windows"
2025-05-24 02:01:07 [ERR] () 程序退出了
2025-05-24 02:27:07 [ERR] (Microsoft.Extensions.Hosting.Internal.Host) Hosting failed to start
System.Windows.Markup.XamlParseException: “在“System.Windows.Baml2006.TypeConverterMarkupExtension”上提供值时引发了异常。”，行号为“38”，行位置为“25”。
 ---> System.IO.IOException: 找不到资源“assets/test.jpg”。
   at MS.Internal.AppModel.ResourcePart.GetStreamCore(FileMode mode, FileAccess access)
   at System.IO.Packaging.PackagePart.GetStream(FileMode mode, FileAccess access)
   at MS.Internal.IO.Packaging.PackagePartExtensions.GetSeekableStream(PackagePart packPart, FileMode mode, FileAccess access)
   at System.IO.Packaging.PackWebResponse.CachedResponse.GetResponseStream()
   at System.Windows.Media.Imaging.BitmapDecoder.SetupDecoderFromUriOrStream(Uri uri, Stream stream, BitmapCacheOption cacheOption, Guid& clsId, Boolean& isOriginalWritable, Stream& uriStream, UnmanagedMemoryStream& unmanagedMemoryStream, SafeFileHandle& safeFilehandle)
   at System.Windows.Media.Imaging.BitmapDecoder.CreateFromUriOrStream(Uri baseUri, Uri uri, Stream stream, BitmapCreateOptions createOptions, BitmapCacheOption cacheOption, RequestCachePolicy uriCachePolicy, Boolean insertInDecoderCache)
   at System.Windows.Media.Imaging.BitmapFrame.CreateFromUriOrStream(Uri baseUri, Uri uri, Stream stream, BitmapCreateOptions createOptions, BitmapCacheOption cacheOption, RequestCachePolicy uriCachePolicy)
   at System.Windows.Media.ImageSourceConverter.ConvertFrom(ITypeDescriptorContext context, CultureInfo culture, Object value)
   at MS.Internal.Xaml.Runtime.ClrObjectRuntime.CallProvideValue(MarkupExtension me, IServiceProvider serviceProvider)
   --- End of inner exception stack trace ---
   at System.Windows.Markup.XamlReader.RewrapException(Exception e, IXamlLineInfo lineInfo, Uri baseUri)
   at System.Windows.Markup.WpfXamlLoader.Load(XamlReader xamlReader, IXamlObjectWriterFactory writerFactory, Boolean skipJournaledProperties, Object rootObject, XamlObjectWriterSettings settings, Uri baseUri)
   at System.Windows.Markup.WpfXamlLoader.LoadBaml(XamlReader xamlReader, Boolean skipJournaledProperties, Object rootObject, XamlAccessLevel accessLevel, Uri baseUri)
   at System.Windows.Markup.XamlReader.LoadBaml(Stream stream, ParserContext parserContext, Object parent, Boolean closeStream)
   at System.Windows.Application.LoadComponent(Object component, Uri resourceLocator)
   at frontend.MainWindow.InitializeComponent() in C:\Users\qq864\Desktop\Project\软构项目\RuanGou-project\frontend\Views\MainWindow.xaml:line 1
   at frontend.MainWindow..ctor(MainWindowViewModel viewModel) in C:\Users\qq864\Desktop\Project\软构项目\RuanGou-project\frontend\Views\MainWindow.xaml.cs:line 25
   at System.RuntimeMethodHandle.InvokeMethod(Object target, Void** arguments, Signature sig, Boolean isConstructor)
   at System.Reflection.MethodBaseInvoker.InvokeDirectByRefWithFewArgs(Object obj, Span`1 copyOfArgs, BindingFlags invokeAttr)
   at System.Reflection.MethodBaseInvoker.InvokeWithOneArg(Object obj, BindingFlags invokeAttr, Binder binder, Object[] parameters, CultureInfo culture)
   at System.Reflection.RuntimeConstructorInfo.Invoke(BindingFlags invokeAttr, Binder binder, Object[] parameters, CultureInfo culture)
   at Microsoft.Extensions.DependencyInjection.ServiceLookup.CallSiteRuntimeResolver.VisitConstructor(ConstructorCallSite constructorCallSite, RuntimeResolverContext context)
   at Microsoft.Extensions.DependencyInjection.ServiceLookup.CallSiteVisitor`2.VisitCallSiteMain(ServiceCallSite callSite, TArgument argument)
   at Microsoft.Extensions.DependencyInjection.ServiceLookup.CallSiteRuntimeResolver.VisitRootCache(ServiceCallSite callSite, RuntimeResolverContext context)
   at Microsoft.Extensions.DependencyInjection.ServiceLookup.CallSiteVisitor`2.VisitCallSite(ServiceCallSite callSite, TArgument argument)
   at Microsoft.Extensions.DependencyInjection.ServiceLookup.CallSiteRuntimeResolver.Resolve(ServiceCallSite callSite, ServiceProviderEngineScope scope)
   at Microsoft.Extensions.DependencyInjection.ServiceProvider.CreateServiceAccessor(ServiceIdentifier serviceIdentifier)
   at System.Collections.Concurrent.ConcurrentDictionary`2.GetOrAdd(TKey key, Func`2 valueFactory)
   at Microsoft.Extensions.DependencyInjection.ServiceProvider.GetService(ServiceIdentifier serviceIdentifier, ServiceProviderEngineScope serviceProviderEngineScope)
   at Microsoft.Extensions.DependencyInjection.ServiceLookup.ServiceProviderEngineScope.GetService(Type serviceType)
   at frontend.ApplicationHostService.HandleActivationAsync() in C:\Users\qq864\Desktop\Project\软构项目\RuanGou-project\frontend\Services\App\ApplicationHostService.cs:line 55
   at frontend.ApplicationHostService.StartAsync(CancellationToken cancellationToken) in C:\Users\qq864\Desktop\Project\软构项目\RuanGou-project\frontend\Services\App\ApplicationHostService.cs:line 34
   at Microsoft.Extensions.Hosting.Internal.Host.<StartAsync>b__14_1(IHostedService service, CancellationToken token)
   at Microsoft.Extensions.Hosting.Internal.Host.ForeachService[T](IEnumerable`1 services, CancellationToken token, Boolean concurrent, Boolean abortOnFirstException, List`1 exceptions, Func`3 operation)
2025-05-24 02:28:28 [INF] (Microsoft.Hosting.Lifetime) Application started. Press Ctrl+C to shut down.
2025-05-24 02:28:28 [INF] (Microsoft.Hosting.Lifetime) Hosting environment: "Production"
2025-05-24 02:28:28 [INF] (Microsoft.Hosting.Lifetime) Content root path: "C:\Users\qq864\Desktop\Project\软构项目\RuanGou-project\frontend\bin\Debug\net8.0-windows"
2025-05-24 02:28:36 [ERR] () 程序退出了
2025-05-24 02:28:57 [INF] (Microsoft.Hosting.Lifetime) Application started. Press Ctrl+C to shut down.
2025-05-24 02:28:57 [INF] (Microsoft.Hosting.Lifetime) Hosting environment: "Production"
2025-05-24 02:28:57 [INF] (Microsoft.Hosting.Lifetime) Content root path: "C:\Users\qq864\Desktop\Project\软构项目\RuanGou-project\frontend\bin\Debug\net8.0-windows"
2025-05-24 02:29:00 [ERR] () 程序退出了
2025-05-24 02:30:20 [ERR] () 程序退出了
2025-05-24 02:30:28 [INF] (Microsoft.Hosting.Lifetime) Application started. Press Ctrl+C to shut down.
2025-05-24 02:30:28 [INF] (Microsoft.Hosting.Lifetime) Hosting environment: "Production"
2025-05-24 02:30:28 [INF] (Microsoft.Hosting.Lifetime) Content root path: "C:\Users\qq864\Desktop\Project\软构项目\RuanGou-project\frontend\bin\Debug\net8.0-windows"
2025-05-24 02:30:55 [INF] (frontend.ViewModels.QuickLaunchViewModel) 从文件加载了 4 个快捷方式
2025-05-24 02:30:56 [INF] (frontend.ViewModels.QuickLaunchViewModel) 快捷方式数据已保存
2025-05-24 02:31:21 [ERR] () 程序退出了
2025-05-24 02:36:39 [INF] (Microsoft.Hosting.Lifetime) Application started. Press Ctrl+C to shut down.
2025-05-24 02:36:40 [INF] (Microsoft.Hosting.Lifetime) Hosting environment: "Production"
2025-05-24 02:36:40 [INF] (Microsoft.Hosting.Lifetime) Content root path: "C:\Users\qq864\Desktop\Project\软构项目\RuanGou-project\frontend\bin\Debug\net8.0-windows"
2025-05-24 02:36:44 [ERR] () 程序退出了
2025-05-24 02:37:18 [INF] (Microsoft.Hosting.Lifetime) Application started. Press Ctrl+C to shut down.
2025-05-24 02:37:18 [INF] (Microsoft.Hosting.Lifetime) Hosting environment: "Production"
2025-05-24 02:37:18 [INF] (Microsoft.Hosting.Lifetime) Content root path: "C:\Users\qq864\Desktop\Project\软构项目\RuanGou-project\frontend\bin\Debug\net8.0-windows"
2025-05-24 02:40:21 [INF] (Microsoft.Hosting.Lifetime) Application started. Press Ctrl+C to shut down.
2025-05-24 02:40:21 [INF] (Microsoft.Hosting.Lifetime) Hosting environment: "Production"
2025-05-24 02:40:21 [INF] (Microsoft.Hosting.Lifetime) Content root path: "C:\Users\qq864\Desktop\Project\软构项目\RuanGou-project\frontend\bin\Debug\net8.0-windows"
2025-05-24 02:40:42 [ERR] () 程序退出了
2025-05-24 02:42:16 [INF] (Microsoft.Hosting.Lifetime) Application started. Press Ctrl+C to shut down.
2025-05-24 02:42:16 [INF] (Microsoft.Hosting.Lifetime) Hosting environment: "Production"
2025-05-24 02:42:16 [INF] (Microsoft.Hosting.Lifetime) Content root path: "C:\Users\qq864\Desktop\Project\软构项目\RuanGou-project\frontend\bin\Debug\net8.0-windows"
2025-05-24 02:42:29 [ERR] () 程序退出了
2025-05-24 02:43:11 [INF] (Microsoft.Hosting.Lifetime) Application started. Press Ctrl+C to shut down.
2025-05-24 02:43:11 [INF] (Microsoft.Hosting.Lifetime) Hosting environment: "Production"
2025-05-24 02:43:11 [INF] (Microsoft.Hosting.Lifetime) Content root path: "C:\Users\qq864\Desktop\Project\软构项目\RuanGou-project\frontend\bin\Debug\net8.0-windows"
2025-05-24 02:43:39 [ERR] () 程序退出了
2025-05-24 02:45:36 [INF] (Microsoft.Hosting.Lifetime) Application started. Press Ctrl+C to shut down.
2025-05-24 02:45:36 [INF] (Microsoft.Hosting.Lifetime) Hosting environment: "Production"
2025-05-24 02:45:36 [INF] (Microsoft.Hosting.Lifetime) Content root path: "C:\Users\qq864\Desktop\Project\软构项目\RuanGou-project\frontend\bin\Debug\net8.0-windows"
2025-05-24 02:47:22 [ERR] () 程序退出了
2025-05-24 02:47:29 [INF] (Microsoft.Hosting.Lifetime) Application started. Press Ctrl+C to shut down.
2025-05-24 02:47:29 [INF] (Microsoft.Hosting.Lifetime) Hosting environment: "Production"
2025-05-24 02:47:29 [INF] (Microsoft.Hosting.Lifetime) Content root path: "C:\Users\qq864\Desktop\Project\软构项目\RuanGou-project\frontend\bin\Debug\net8.0-windows"
2025-05-24 02:47:36 [ERR] () 程序退出了
2025-05-24 02:50:03 [INF] (Microsoft.Hosting.Lifetime) Application started. Press Ctrl+C to shut down.
2025-05-24 02:50:03 [INF] (Microsoft.Hosting.Lifetime) Hosting environment: "Production"
2025-05-24 02:50:03 [INF] (Microsoft.Hosting.Lifetime) Content root path: "C:\Users\qq864\Desktop\Project\软构项目\RuanGou-project\frontend\bin\Debug\net8.0-windows"
2025-05-24 02:50:14 [ERR] () 程序退出了
2025-05-24 02:50:44 [INF] (Microsoft.Hosting.Lifetime) Application started. Press Ctrl+C to shut down.
2025-05-24 02:50:44 [INF] (Microsoft.Hosting.Lifetime) Hosting environment: "Production"
2025-05-24 02:50:44 [INF] (Microsoft.Hosting.Lifetime) Content root path: "C:\Users\qq864\Desktop\Project\软构项目\RuanGou-project\frontend\bin\Debug\net8.0-windows"
2025-05-24 02:51:23 [ERR] () 程序退出了
2025-05-24 02:53:05 [INF] (Microsoft.Hosting.Lifetime) Application started. Press Ctrl+C to shut down.
2025-05-24 02:53:05 [INF] (Microsoft.Hosting.Lifetime) Hosting environment: "Production"
2025-05-24 02:53:05 [INF] (Microsoft.Hosting.Lifetime) Content root path: "C:\Users\qq864\Desktop\Project\软构项目\RuanGou-project\frontend\bin\Debug\net8.0-windows"
2025-05-24 02:53:14 [ERR] () 程序退出了
2025-05-24 02:56:42 [INF] (Microsoft.Hosting.Lifetime) Application started. Press Ctrl+C to shut down.
2025-05-24 02:56:42 [INF] (Microsoft.Hosting.Lifetime) Hosting environment: "Production"
2025-05-24 02:56:42 [INF] (Microsoft.Hosting.Lifetime) Content root path: "C:\Users\qq864\Desktop\Project\软构项目\RuanGou-project\frontend\bin\Debug\net8.0-windows"
2025-05-24 03:00:38 [ERR] () 程序退出了
2025-05-24 03:00:43 [INF] (Microsoft.Hosting.Lifetime) Application started. Press Ctrl+C to shut down.
2025-05-24 03:00:43 [INF] (Microsoft.Hosting.Lifetime) Hosting environment: "Production"
2025-05-24 03:00:43 [INF] (Microsoft.Hosting.Lifetime) Content root path: "C:\Users\qq864\Desktop\Project\软构项目\RuanGou-project\frontend\bin\Debug\net8.0-windows"
2025-05-24 03:01:46 [ERR] () 程序退出了
2025-05-24 03:23:53 [INF] (Microsoft.Hosting.Lifetime) Application started. Press Ctrl+C to shut down.
2025-05-24 03:23:53 [INF] (Microsoft.Hosting.Lifetime) Hosting environment: "Production"
2025-05-24 03:23:53 [INF] (Microsoft.Hosting.Lifetime) Content root path: "C:\Users\qq864\Desktop\Project\软构项目\RuanGou-project\frontend\bin\Debug\net8.0-windows"
2025-05-24 03:23:55 [INF] (frontend.ViewModels.SettingViewModel) 初始化设置页面数据
2025-05-24 03:25:16 [ERR] () 程序退出了
