2025-05-26 14:01:14 [INF] (Microsoft.Hosting.Lifetime) Application started. Press Ctrl+C to shut down.
2025-05-26 14:01:14 [INF] (Microsoft.Hosting.Lifetime) Hosting environment: "Production"
2025-05-26 14:01:14 [INF] (Microsoft.Hosting.Lifetime) Content root path: "C:\Users\qq864\Desktop\Project\软构项目\RuanGou-project\frontend\bin\Debug\net8.0-windows"
2025-05-26 14:09:11 [INF] (Microsoft.Hosting.Lifetime) Application started. Press Ctrl+C to shut down.
2025-05-26 14:09:11 [INF] (Microsoft.Hosting.Lifetime) Hosting environment: "Production"
2025-05-26 14:09:11 [INF] (Microsoft.Hosting.Lifetime) Content root path: "C:\Users\qq864\Desktop\Project\软构项目\RuanGou-project\frontend\bin\Debug\net8.0-windows"
2025-05-26 14:09:12 [INF] (frontend.ViewModels.SettingViewModel) 初始化设置页面数据
2025-05-26 14:15:21 [INF] (Microsoft.Hosting.Lifetime) Application started. Press Ctrl+C to shut down.
2025-05-26 14:15:21 [INF] (Microsoft.Hosting.Lifetime) Hosting environment: "Production"
2025-05-26 14:15:21 [INF] (Microsoft.Hosting.Lifetime) Content root path: "C:\Users\qq864\Desktop\Project\软构项目\RuanGou-project\frontend\bin\Debug\net8.0-windows"
2025-05-26 14:15:22 [INF] (frontend.ViewModels.SettingViewModel) 初始化设置页面数据
2025-05-26 14:19:19 [INF] (Microsoft.Hosting.Lifetime) Application started. Press Ctrl+C to shut down.
2025-05-26 14:19:19 [INF] (Microsoft.Hosting.Lifetime) Hosting environment: "Production"
2025-05-26 14:19:19 [INF] (Microsoft.Hosting.Lifetime) Content root path: "C:\Users\qq864\Desktop\Project\软构项目\RuanGou-project\frontend\bin\Debug\net8.0-windows"
2025-05-26 14:19:21 [INF] (frontend.ViewModels.SettingViewModel) 初始化设置页面数据
2025-05-26 14:27:51 [INF] (Microsoft.Hosting.Lifetime) Application started. Press Ctrl+C to shut down.
2025-05-26 14:27:51 [INF] (Microsoft.Hosting.Lifetime) Hosting environment: "Production"
2025-05-26 14:27:51 [INF] (Microsoft.Hosting.Lifetime) Content root path: "C:\Users\qq864\Desktop\Project\软构项目\RuanGou-project\frontend\bin\Debug\net8.0-windows"
2025-05-26 14:46:10 [INF] (Microsoft.Hosting.Lifetime) Application started. Press Ctrl+C to shut down.
2025-05-26 14:46:10 [INF] (Microsoft.Hosting.Lifetime) Hosting environment: "Production"
2025-05-26 14:46:10 [INF] (Microsoft.Hosting.Lifetime) Content root path: "C:\Users\qq864\Desktop\Project\软构项目\RuanGou-project\frontend\bin\Debug\net8.0-windows"
2025-05-26 14:46:56 [ERR] () 程序退出了
2025-05-26 14:48:20 [INF] (Microsoft.Hosting.Lifetime) Application started. Press Ctrl+C to shut down.
2025-05-26 14:48:20 [INF] (Microsoft.Hosting.Lifetime) Hosting environment: "Production"
2025-05-26 14:48:20 [INF] (Microsoft.Hosting.Lifetime) Content root path: "C:\Users\qq864\Desktop\Project\软构项目\RuanGou-project\frontend\bin\Debug\net8.0-windows"
2025-05-26 14:48:40 [ERR] () 程序退出了
2025-05-26 14:50:11 [INF] (Microsoft.Hosting.Lifetime) Application started. Press Ctrl+C to shut down.
2025-05-26 14:50:11 [INF] (Microsoft.Hosting.Lifetime) Hosting environment: "Production"
2025-05-26 14:50:11 [INF] (Microsoft.Hosting.Lifetime) Content root path: "C:\Users\qq864\Desktop\Project\软构项目\RuanGou-project\frontend\bin\Debug\net8.0-windows"
2025-05-26 14:50:24 [ERR] () 程序退出了
2025-05-26 14:52:04 [INF] (Microsoft.Hosting.Lifetime) Application started. Press Ctrl+C to shut down.
2025-05-26 14:52:04 [INF] (Microsoft.Hosting.Lifetime) Hosting environment: "Production"
2025-05-26 14:52:04 [INF] (Microsoft.Hosting.Lifetime) Content root path: "C:\Users\qq864\Desktop\Project\软构项目\RuanGou-project\frontend\bin\Debug\net8.0-windows"
2025-05-26 14:52:42 [ERR] () 程序退出了
2025-05-26 14:56:14 [INF] (Microsoft.Hosting.Lifetime) Application started. Press Ctrl+C to shut down.
2025-05-26 14:56:14 [INF] (Microsoft.Hosting.Lifetime) Hosting environment: "Production"
2025-05-26 14:56:14 [INF] (Microsoft.Hosting.Lifetime) Content root path: "C:\Users\qq864\Desktop\Project\软构项目\RuanGou-project\frontend\bin\Debug\net8.0-windows"
2025-05-26 15:00:21 [ERR] () 程序退出了
2025-05-26 15:02:47 [INF] (Microsoft.Hosting.Lifetime) Application started. Press Ctrl+C to shut down.
2025-05-26 15:02:47 [INF] (Microsoft.Hosting.Lifetime) Hosting environment: "Production"
2025-05-26 15:02:47 [INF] (Microsoft.Hosting.Lifetime) Content root path: "C:\Users\qq864\Desktop\Project\软构项目\RuanGou-project\frontend\bin\Debug\net8.0-windows"
2025-05-26 15:03:48 [ERR] () 程序退出了
2025-05-26 15:05:54 [INF] (Microsoft.Hosting.Lifetime) Application started. Press Ctrl+C to shut down.
2025-05-26 15:05:54 [INF] (Microsoft.Hosting.Lifetime) Hosting environment: "Production"
2025-05-26 15:05:54 [INF] (Microsoft.Hosting.Lifetime) Content root path: "C:\Users\qq864\Desktop\Project\软构项目\RuanGou-project\frontend\bin\Debug\net8.0-windows"
2025-05-26 15:06:35 [ERR] () 程序退出了
2025-05-26 15:27:52 [INF] (Microsoft.Hosting.Lifetime) Application started. Press Ctrl+C to shut down.
2025-05-26 15:27:53 [INF] (Microsoft.Hosting.Lifetime) Hosting environment: "Production"
2025-05-26 15:27:53 [INF] (Microsoft.Hosting.Lifetime) Content root path: "C:\Users\qq864\Desktop\Project\软构项目\RuanGou-project\frontend\bin\Debug\net8.0-windows"
2025-05-26 15:29:18 [ERR] () 程序退出了
2025-05-26 15:30:55 [INF] (Microsoft.Hosting.Lifetime) Application started. Press Ctrl+C to shut down.
2025-05-26 15:30:55 [INF] (Microsoft.Hosting.Lifetime) Hosting environment: "Production"
2025-05-26 15:30:55 [INF] (Microsoft.Hosting.Lifetime) Content root path: "C:\Users\qq864\Desktop\Project\软构项目\RuanGou-project\frontend\bin\Debug\net8.0-windows"
2025-05-26 15:31:25 [ERR] () 程序退出了
2025-05-26 15:34:08 [INF] (Microsoft.Hosting.Lifetime) Application started. Press Ctrl+C to shut down.
2025-05-26 15:34:08 [INF] (Microsoft.Hosting.Lifetime) Hosting environment: "Production"
2025-05-26 15:34:08 [INF] (Microsoft.Hosting.Lifetime) Content root path: "C:\Users\qq864\Desktop\Project\软构项目\RuanGou-project\frontend\bin\Debug\net8.0-windows"
2025-05-26 15:36:44 [ERR] () 程序退出了
2025-05-26 15:37:14 [INF] (Microsoft.Hosting.Lifetime) Application started. Press Ctrl+C to shut down.
2025-05-26 15:37:14 [INF] (Microsoft.Hosting.Lifetime) Hosting environment: "Production"
2025-05-26 15:37:14 [INF] (Microsoft.Hosting.Lifetime) Content root path: "C:\Users\qq864\Desktop\Project\软构项目\RuanGou-project\frontend\bin\Debug\net8.0-windows"
2025-05-26 15:42:06 [ERR] () 程序退出了
2025-05-26 15:42:49 [INF] (Microsoft.Hosting.Lifetime) Application started. Press Ctrl+C to shut down.
2025-05-26 15:42:49 [INF] (Microsoft.Hosting.Lifetime) Hosting environment: "Production"
2025-05-26 15:42:49 [INF] (Microsoft.Hosting.Lifetime) Content root path: "C:\Users\qq864\Desktop\Project\软构项目\RuanGou-project\frontend\bin\Debug\net8.0-windows"
2025-05-26 15:50:20 [ERR] () 程序退出了
2025-05-26 15:50:25 [INF] (Microsoft.Hosting.Lifetime) Application started. Press Ctrl+C to shut down.
2025-05-26 15:50:25 [INF] (Microsoft.Hosting.Lifetime) Hosting environment: "Production"
2025-05-26 15:50:25 [INF] (Microsoft.Hosting.Lifetime) Content root path: "C:\Users\qq864\Desktop\Project\软构项目\RuanGou-project\frontend\bin\Debug\net8.0-windows"
2025-05-26 15:51:39 [ERR] () 程序退出了
2025-05-26 15:51:45 [INF] (Microsoft.Hosting.Lifetime) Application started. Press Ctrl+C to shut down.
2025-05-26 15:51:45 [INF] (Microsoft.Hosting.Lifetime) Hosting environment: "Production"
2025-05-26 15:51:45 [INF] (Microsoft.Hosting.Lifetime) Content root path: "C:\Users\qq864\Desktop\Project\软构项目\RuanGou-project\frontend\bin\Debug\net8.0-windows"
2025-05-26 15:53:29 [ERR] () 程序退出了
2025-05-26 15:53:33 [INF] (Microsoft.Hosting.Lifetime) Application started. Press Ctrl+C to shut down.
2025-05-26 15:53:33 [INF] (Microsoft.Hosting.Lifetime) Hosting environment: "Production"
2025-05-26 15:53:33 [INF] (Microsoft.Hosting.Lifetime) Content root path: "C:\Users\qq864\Desktop\Project\软构项目\RuanGou-project\frontend\bin\Debug\net8.0-windows"
2025-05-26 15:53:57 [ERR] () 程序退出了
2025-05-26 15:55:14 [INF] (Microsoft.Hosting.Lifetime) Application started. Press Ctrl+C to shut down.
2025-05-26 15:55:14 [INF] (Microsoft.Hosting.Lifetime) Hosting environment: "Production"
2025-05-26 15:55:14 [INF] (Microsoft.Hosting.Lifetime) Content root path: "C:\Users\qq864\Desktop\Project\软构项目\RuanGou-project\frontend\bin\Debug\net8.0-windows"
2025-05-26 15:55:25 [ERR] () 程序退出了
2025-05-26 15:56:14 [INF] (Microsoft.Hosting.Lifetime) Application started. Press Ctrl+C to shut down.
2025-05-26 15:56:14 [INF] (Microsoft.Hosting.Lifetime) Hosting environment: "Production"
2025-05-26 15:56:14 [INF] (Microsoft.Hosting.Lifetime) Content root path: "C:\Users\qq864\Desktop\Project\软构项目\RuanGou-project\frontend\bin\Debug\net8.0-windows"
2025-05-26 15:56:30 [ERR] () 程序退出了
2025-05-26 15:57:28 [INF] (Microsoft.Hosting.Lifetime) Application started. Press Ctrl+C to shut down.
2025-05-26 15:57:28 [INF] (Microsoft.Hosting.Lifetime) Hosting environment: "Production"
2025-05-26 15:57:28 [INF] (Microsoft.Hosting.Lifetime) Content root path: "C:\Users\qq864\Desktop\Project\软构项目\RuanGou-project\frontend\bin\Debug\net8.0-windows"
2025-05-26 15:57:39 [ERR] () 程序退出了
2025-05-26 15:58:21 [INF] (Microsoft.Hosting.Lifetime) Application started. Press Ctrl+C to shut down.
2025-05-26 15:58:21 [INF] (Microsoft.Hosting.Lifetime) Hosting environment: "Production"
2025-05-26 15:58:21 [INF] (Microsoft.Hosting.Lifetime) Content root path: "C:\Users\qq864\Desktop\Project\软构项目\RuanGou-project\frontend\bin\Debug\net8.0-windows"
2025-05-26 16:00:27 [ERR] () 程序退出了
2025-05-26 16:00:31 [INF] (Microsoft.Hosting.Lifetime) Application started. Press Ctrl+C to shut down.
2025-05-26 16:00:31 [INF] (Microsoft.Hosting.Lifetime) Hosting environment: "Production"
2025-05-26 16:00:31 [INF] (Microsoft.Hosting.Lifetime) Content root path: "C:\Users\qq864\Desktop\Project\软构项目\RuanGou-project\frontend\bin\Debug\net8.0-windows"
2025-05-26 16:02:15 [ERR] () 程序退出了
2025-05-26 16:02:37 [INF] (Microsoft.Hosting.Lifetime) Application started. Press Ctrl+C to shut down.
2025-05-26 16:02:37 [INF] (Microsoft.Hosting.Lifetime) Hosting environment: "Production"
2025-05-26 16:02:37 [INF] (Microsoft.Hosting.Lifetime) Content root path: "C:\Users\qq864\Desktop\Project\软构项目\RuanGou-project\frontend\bin\Debug\net8.0-windows"
2025-05-26 16:07:09 [ERR] () 程序退出了
2025-05-26 16:09:03 [INF] (Microsoft.Hosting.Lifetime) Application started. Press Ctrl+C to shut down.
2025-05-26 16:09:03 [INF] (Microsoft.Hosting.Lifetime) Hosting environment: "Production"
2025-05-26 16:09:03 [INF] (Microsoft.Hosting.Lifetime) Content root path: "C:\Users\qq864\Desktop\Project\软构项目\RuanGou-project\frontend\bin\Debug\net8.0-windows"
2025-05-26 16:20:40 [ERR] () 程序退出了
2025-05-26 16:20:49 [INF] (Microsoft.Hosting.Lifetime) Application started. Press Ctrl+C to shut down.
2025-05-26 16:20:49 [INF] (Microsoft.Hosting.Lifetime) Hosting environment: "Production"
2025-05-26 16:20:49 [INF] (Microsoft.Hosting.Lifetime) Content root path: "C:\Users\qq864\Desktop\Project\软构项目\RuanGou-project\frontend\bin\Debug\net8.0-windows"
2025-05-26 16:21:12 [ERR] () 程序退出了
2025-05-26 16:22:46 [INF] (Microsoft.Hosting.Lifetime) Application started. Press Ctrl+C to shut down.
2025-05-26 16:22:46 [INF] (Microsoft.Hosting.Lifetime) Hosting environment: "Production"
2025-05-26 16:22:46 [INF] (Microsoft.Hosting.Lifetime) Content root path: "C:\Users\qq864\Desktop\Project\软构项目\RuanGou-project\frontend\bin\Debug\net8.0-windows"
2025-05-26 16:24:04 [ERR] () 程序退出了
2025-05-26 16:29:09 [INF] (Microsoft.Hosting.Lifetime) Application started. Press Ctrl+C to shut down.
2025-05-26 16:29:09 [INF] (Microsoft.Hosting.Lifetime) Hosting environment: "Production"
2025-05-26 16:29:09 [INF] (Microsoft.Hosting.Lifetime) Content root path: "C:\Users\qq864\Desktop\Project\软构项目\RuanGou-project\frontend\bin\Debug\net8.0-windows"
2025-05-26 16:29:27 [ERR] () 程序退出了
2025-05-26 16:35:51 [INF] (Microsoft.Hosting.Lifetime) Application started. Press Ctrl+C to shut down.
2025-05-26 16:35:51 [INF] (Microsoft.Hosting.Lifetime) Hosting environment: "Production"
2025-05-26 16:35:51 [INF] (Microsoft.Hosting.Lifetime) Content root path: "C:\Users\qq864\Desktop\Project\软构项目\RuanGou-project\frontend\bin\Debug\net8.0-windows"
2025-05-26 16:37:52 [ERR] () 程序退出了
