2025-05-29 00:25:02 [INF] (Microsoft.Hosting.Lifetime) Application started. Press Ctrl+C to shut down.
2025-05-29 00:25:02 [INF] (Microsoft.Hosting.Lifetime) Hosting environment: "Production"
2025-05-29 00:25:02 [INF] (Microsoft.Hosting.Lifetime) Content root path: "C:\Users\qq864\Desktop\Project\软构项目\RuanGou-project\frontend\bin\Debug\net8.0-windows"
2025-05-29 00:25:50 [ERR] () 程序退出了
2025-05-29 00:33:31 [INF] (Microsoft.Hosting.Lifetime) Application started. Press Ctrl+C to shut down.
2025-05-29 00:33:31 [INF] (Microsoft.Hosting.Lifetime) Hosting environment: "Production"
2025-05-29 00:33:31 [INF] (Microsoft.Hosting.Lifetime) Content root path: "C:\Users\qq864\Desktop\Project\软构项目\RuanGou-project\frontend\bin\Debug\net8.0-windows"
2025-05-29 00:33:45 [ERR] () 程序退出了
2025-05-29 00:37:04 [INF] (Microsoft.Hosting.Lifetime) Application started. Press Ctrl+C to shut down.
2025-05-29 00:37:04 [INF] (Microsoft.Hosting.Lifetime) Hosting environment: "Production"
2025-05-29 00:37:04 [INF] (Microsoft.Hosting.Lifetime) Content root path: "C:\Users\qq864\Desktop\Project\软构项目\RuanGou-project\frontend\bin\Debug\net8.0-windows"
2025-05-29 00:37:19 [ERR] () 程序退出了
2025-05-29 00:39:53 [INF] (Microsoft.Hosting.Lifetime) Application started. Press Ctrl+C to shut down.
2025-05-29 00:39:53 [INF] (Microsoft.Hosting.Lifetime) Hosting environment: "Production"
2025-05-29 00:39:53 [INF] (Microsoft.Hosting.Lifetime) Content root path: "C:\Users\qq864\Desktop\Project\软构项目\RuanGou-project\frontend\bin\Debug\net8.0-windows"
2025-05-29 00:40:56 [ERR] () 程序退出了
2025-05-29 00:55:33 [INF] (Microsoft.Hosting.Lifetime) Application started. Press Ctrl+C to shut down.
2025-05-29 00:55:33 [INF] (Microsoft.Hosting.Lifetime) Hosting environment: "Production"
2025-05-29 00:55:33 [INF] (Microsoft.Hosting.Lifetime) Content root path: "C:\Users\qq864\Desktop\Project\软构项目\RuanGou-project\frontend\bin\Debug\net8.0-windows"
2025-05-29 00:55:37 [DBG] (frontend.ViewModels.DashboardViewModel) 写入Debug日志
2025-05-29 00:55:37 [INF] (frontend.ViewModels.DashboardViewModel) 写入Information日志
2025-05-29 00:55:37 [WRN] (frontend.ViewModels.DashboardViewModel) 写入Warning日志
2025-05-29 00:55:37 [ERR] (frontend.ViewModels.DashboardViewModel) 写入Error日志
2025-05-29 00:56:03 [ERR] () 程序退出了
2025-05-29 00:58:59 [INF] (Microsoft.Hosting.Lifetime) Application started. Press Ctrl+C to shut down.
2025-05-29 00:58:59 [INF] (Microsoft.Hosting.Lifetime) Hosting environment: "Production"
2025-05-29 00:58:59 [INF] (Microsoft.Hosting.Lifetime) Content root path: "C:\Users\qq864\Desktop\Project\软构项目\RuanGou-project\frontend\bin\Debug\net8.0-windows"
2025-05-29 00:59:11 [ERR] () 程序退出了
2025-05-29 01:22:16 [INF] (Microsoft.Hosting.Lifetime) Application started. Press Ctrl+C to shut down.
2025-05-29 01:22:16 [INF] (Microsoft.Hosting.Lifetime) Hosting environment: "Production"
2025-05-29 01:22:16 [INF] (Microsoft.Hosting.Lifetime) Content root path: "C:\Users\qq864\Desktop\Project\软构项目\RuanGou-project\frontend\bin\Debug\net8.0-windows"
2025-05-29 01:22:40 [ERR] () 程序退出了
2025-05-29 01:23:18 [INF] (Microsoft.Hosting.Lifetime) Application started. Press Ctrl+C to shut down.
2025-05-29 01:23:18 [INF] (Microsoft.Hosting.Lifetime) Hosting environment: "Production"
2025-05-29 01:23:18 [INF] (Microsoft.Hosting.Lifetime) Content root path: "C:\Users\qq864\Desktop\Project\软构项目\RuanGou-project\frontend\bin\Debug\net8.0-windows"
2025-05-29 01:23:22 [ERR] () 程序退出了
2025-05-29 01:23:36 [INF] (Microsoft.Hosting.Lifetime) Application started. Press Ctrl+C to shut down.
2025-05-29 01:23:36 [INF] (Microsoft.Hosting.Lifetime) Hosting environment: "Production"
2025-05-29 01:23:36 [INF] (Microsoft.Hosting.Lifetime) Content root path: "C:\Users\qq864\Desktop\Project\软构项目\RuanGou-project\frontend\bin\Debug\net8.0-windows"
2025-05-29 01:26:30 [INF] (Microsoft.Hosting.Lifetime) Application started. Press Ctrl+C to shut down.
2025-05-29 01:26:30 [INF] (Microsoft.Hosting.Lifetime) Hosting environment: "Production"
2025-05-29 01:26:30 [INF] (Microsoft.Hosting.Lifetime) Content root path: "C:\Users\qq864\Desktop\Project\软构项目\RuanGou-project\frontend\bin\Debug\net8.0-windows"
2025-05-29 01:28:01 [INF] (frontend.ViewModels.QuickLaunchViewModel) 从文件加载了 5 个快捷方式
2025-05-29 01:28:07 [INF] (frontend.ViewModels.QuickLaunchViewModel) 快捷方式数据已保存
2025-05-29 01:28:19 [ERR] () 程序退出了
2025-05-29 01:46:34 [INF] (Microsoft.Hosting.Lifetime) Application started. Press Ctrl+C to shut down.
2025-05-29 01:46:34 [INF] (Microsoft.Hosting.Lifetime) Hosting environment: "Production"
2025-05-29 01:46:34 [INF] (Microsoft.Hosting.Lifetime) Content root path: "C:\Users\qq864\Desktop\Project\软构项目\RuanGou-project\frontend\bin\Debug\net8.0-windows"
2025-05-29 01:47:38 [ERR] () 程序退出了
2025-05-29 01:49:45 [INF] (Microsoft.Hosting.Lifetime) Application started. Press Ctrl+C to shut down.
2025-05-29 01:49:45 [INF] (Microsoft.Hosting.Lifetime) Hosting environment: "Production"
2025-05-29 01:49:45 [INF] (Microsoft.Hosting.Lifetime) Content root path: "C:\Users\qq864\Desktop\Project\软构项目\RuanGou-project\frontend\bin\Debug\net8.0-windows"
2025-05-29 01:50:26 [ERR] () 程序退出了
2025-05-29 01:59:35 [INF] (Microsoft.Hosting.Lifetime) Application started. Press Ctrl+C to shut down.
2025-05-29 01:59:35 [INF] (Microsoft.Hosting.Lifetime) Hosting environment: "Production"
2025-05-29 01:59:35 [INF] (Microsoft.Hosting.Lifetime) Content root path: "C:\Users\qq864\Desktop\Project\软构项目\RuanGou-project\frontend\bin\Debug\net8.0-windows"
2025-05-29 02:01:07 [ERR] () 程序退出了
2025-05-29 02:03:24 [INF] (Microsoft.Hosting.Lifetime) Application started. Press Ctrl+C to shut down.
2025-05-29 02:03:24 [INF] (Microsoft.Hosting.Lifetime) Hosting environment: "Production"
2025-05-29 02:03:24 [INF] (Microsoft.Hosting.Lifetime) Content root path: "C:\Users\qq864\Desktop\Project\软构项目\RuanGou-project\frontend\bin\Debug\net8.0-windows"
2025-05-29 02:04:00 [ERR] () 程序退出了
2025-05-29 02:05:36 [INF] (Microsoft.Hosting.Lifetime) Application started. Press Ctrl+C to shut down.
2025-05-29 02:05:36 [INF] (Microsoft.Hosting.Lifetime) Hosting environment: "Production"
2025-05-29 02:05:36 [INF] (Microsoft.Hosting.Lifetime) Content root path: "C:\Users\qq864\Desktop\Project\软构项目\RuanGou-project\frontend\bin\Debug\net8.0-windows"
2025-05-29 02:06:03 [ERR] () 程序退出了
2025-05-29 02:09:35 [INF] (Microsoft.Hosting.Lifetime) Application started. Press Ctrl+C to shut down.
2025-05-29 02:09:35 [INF] (Microsoft.Hosting.Lifetime) Hosting environment: "Production"
2025-05-29 02:09:35 [INF] (Microsoft.Hosting.Lifetime) Content root path: "C:\Users\qq864\Desktop\Project\软构项目\RuanGou-project\frontend\bin\Debug\net8.0-windows"
2025-05-29 02:09:43 [ERR] () 程序退出了
2025-05-29 02:14:42 [INF] (Microsoft.Hosting.Lifetime) Application started. Press Ctrl+C to shut down.
2025-05-29 02:14:42 [INF] (Microsoft.Hosting.Lifetime) Hosting environment: "Production"
2025-05-29 02:14:42 [INF] (Microsoft.Hosting.Lifetime) Content root path: "C:\Users\qq864\Desktop\Project\软构项目\RuanGou-project\frontend\bin\Debug\net8.0-windows"
2025-05-29 02:15:13 [ERR] () 程序退出了
2025-05-29 02:16:07 [INF] (Microsoft.Hosting.Lifetime) Application started. Press Ctrl+C to shut down.
2025-05-29 02:16:07 [INF] (Microsoft.Hosting.Lifetime) Hosting environment: "Production"
2025-05-29 02:16:07 [INF] (Microsoft.Hosting.Lifetime) Content root path: "C:\Users\qq864\Desktop\Project\软构项目\RuanGou-project\frontend\bin\Debug\net8.0-windows"
2025-05-29 02:16:22 [ERR] () 程序退出了
2025-05-29 02:26:28 [INF] (Microsoft.Hosting.Lifetime) Application started. Press Ctrl+C to shut down.
2025-05-29 02:26:28 [INF] (Microsoft.Hosting.Lifetime) Hosting environment: "Production"
2025-05-29 02:26:28 [INF] (Microsoft.Hosting.Lifetime) Content root path: "C:\Users\qq864\Desktop\Project\软构项目\RuanGou-project\frontend\bin\Debug\net8.0-windows"
2025-05-29 02:26:34 [INF] (frontend.ViewModels.QuickLaunchViewModel) 从文件加载了 5 个快捷方式
2025-05-29 02:27:02 [ERR] () 程序退出了
2025-05-29 02:27:54 [INF] (Microsoft.Hosting.Lifetime) Application started. Press Ctrl+C to shut down.
2025-05-29 02:27:54 [INF] (Microsoft.Hosting.Lifetime) Hosting environment: "Production"
2025-05-29 02:27:54 [INF] (Microsoft.Hosting.Lifetime) Content root path: "C:\Users\qq864\Desktop\Project\软构项目\RuanGou-project\frontend\bin\Debug\net8.0-windows"
2025-05-29 02:27:57 [INF] (frontend.ViewModels.QuickLaunchViewModel) 从文件加载了 5 个快捷方式
2025-05-29 02:28:43 [ERR] () 程序退出了
2025-05-29 02:37:24 [INF] (Microsoft.Hosting.Lifetime) Application started. Press Ctrl+C to shut down.
2025-05-29 02:37:25 [INF] (Microsoft.Hosting.Lifetime) Hosting environment: "Production"
2025-05-29 02:37:25 [INF] (Microsoft.Hosting.Lifetime) Content root path: "C:\Users\qq864\Desktop\Project\软构项目\RuanGou-project\frontend\bin\Debug\net8.0-windows"
2025-05-29 02:38:02 [ERR] () 程序退出了
2025-05-29 02:53:52 [INF] (Microsoft.Hosting.Lifetime) Application started. Press Ctrl+C to shut down.
2025-05-29 02:53:52 [INF] (Microsoft.Hosting.Lifetime) Hosting environment: "Production"
2025-05-29 02:53:52 [INF] (Microsoft.Hosting.Lifetime) Content root path: "C:\Users\qq864\Desktop\Project\软构项目\RuanGou-project\frontend\bin\Debug\net8.0-windows"
2025-05-29 02:54:29 [ERR] () 程序退出了
2025-05-29 02:57:40 [INF] (Microsoft.Hosting.Lifetime) Application started. Press Ctrl+C to shut down.
2025-05-29 02:57:40 [INF] (Microsoft.Hosting.Lifetime) Hosting environment: "Production"
2025-05-29 02:57:40 [INF] (Microsoft.Hosting.Lifetime) Content root path: "C:\Users\qq864\Desktop\Project\软构项目\RuanGou-project\frontend\bin\Debug\net8.0-windows"
2025-05-29 02:57:47 [ERR] () 程序退出了
2025-05-29 02:58:13 [INF] (Microsoft.Hosting.Lifetime) Application started. Press Ctrl+C to shut down.
2025-05-29 02:58:13 [INF] (Microsoft.Hosting.Lifetime) Hosting environment: "Production"
2025-05-29 02:58:13 [INF] (Microsoft.Hosting.Lifetime) Content root path: "C:\Users\qq864\Desktop\Project\软构项目\RuanGou-project\frontend\bin\Debug\net8.0-windows"
2025-05-29 02:58:24 [ERR] () 程序退出了
2025-05-29 02:59:04 [INF] (Microsoft.Hosting.Lifetime) Application started. Press Ctrl+C to shut down.
2025-05-29 02:59:04 [INF] (Microsoft.Hosting.Lifetime) Hosting environment: "Production"
2025-05-29 02:59:04 [INF] (Microsoft.Hosting.Lifetime) Content root path: "C:\Users\qq864\Desktop\Project\软构项目\RuanGou-project\frontend\bin\Debug\net8.0-windows"
2025-05-29 03:01:05 [ERR] () 程序退出了
2025-05-29 14:13:36 [INF] (Microsoft.Hosting.Lifetime) Application started. Press Ctrl+C to shut down.
2025-05-29 14:13:36 [INF] (Microsoft.Hosting.Lifetime) Hosting environment: "Production"
2025-05-29 14:13:36 [INF] (Microsoft.Hosting.Lifetime) Content root path: "C:\Users\qq864\Desktop\Project\软构项目\RuanGou-project\frontend\bin\Debug\net8.0-windows"
2025-05-29 14:15:13 [ERR] () 程序退出了
2025-05-29 14:19:08 [INF] (Microsoft.Hosting.Lifetime) Application started. Press Ctrl+C to shut down.
2025-05-29 14:19:08 [INF] (Microsoft.Hosting.Lifetime) Hosting environment: "Production"
2025-05-29 14:19:08 [INF] (Microsoft.Hosting.Lifetime) Content root path: "C:\Users\qq864\Desktop\Project\软构项目\RuanGou-project\frontend\bin\Debug\net8.0-windows"
2025-05-29 14:19:28 [ERR] () 程序退出了
2025-05-29 14:21:41 [INF] (Microsoft.Hosting.Lifetime) Application started. Press Ctrl+C to shut down.
2025-05-29 14:21:41 [INF] (Microsoft.Hosting.Lifetime) Hosting environment: "Production"
2025-05-29 14:21:41 [INF] (Microsoft.Hosting.Lifetime) Content root path: "C:\Users\qq864\Desktop\Project\软构项目\RuanGou-project\frontend\bin\Debug\net8.0-windows"
2025-05-29 14:21:52 [ERR] () 程序退出了
2025-05-29 14:22:44 [INF] (Microsoft.Hosting.Lifetime) Application started. Press Ctrl+C to shut down.
2025-05-29 14:22:44 [INF] (Microsoft.Hosting.Lifetime) Hosting environment: "Production"
2025-05-29 14:22:44 [INF] (Microsoft.Hosting.Lifetime) Content root path: "C:\Users\qq864\Desktop\Project\软构项目\RuanGou-project\frontend\bin\Debug\net8.0-windows"
2025-05-29 14:22:58 [ERR] () 程序退出了
2025-05-29 14:23:37 [INF] (Microsoft.Hosting.Lifetime) Application started. Press Ctrl+C to shut down.
2025-05-29 14:23:37 [INF] (Microsoft.Hosting.Lifetime) Hosting environment: "Production"
2025-05-29 14:23:37 [INF] (Microsoft.Hosting.Lifetime) Content root path: "C:\Users\qq864\Desktop\Project\软构项目\RuanGou-project\frontend\bin\Debug\net8.0-windows"
2025-05-29 14:24:10 [ERR] () 程序退出了
2025-05-29 14:25:09 [INF] (Microsoft.Hosting.Lifetime) Application started. Press Ctrl+C to shut down.
2025-05-29 14:25:09 [INF] (Microsoft.Hosting.Lifetime) Hosting environment: "Production"
2025-05-29 14:25:09 [INF] (Microsoft.Hosting.Lifetime) Content root path: "C:\Users\qq864\Desktop\Project\软构项目\RuanGou-project\frontend\bin\Debug\net8.0-windows"
2025-05-29 14:25:32 [ERR] () 程序退出了
2025-05-29 14:28:00 [INF] (Microsoft.Hosting.Lifetime) Application started. Press Ctrl+C to shut down.
2025-05-29 14:28:00 [INF] (Microsoft.Hosting.Lifetime) Hosting environment: "Production"
2025-05-29 14:28:00 [INF] (Microsoft.Hosting.Lifetime) Content root path: "C:\Users\qq864\Desktop\Project\软构项目\RuanGou-project\frontend\bin\Debug\net8.0-windows"
2025-05-29 14:28:12 [ERR] () 程序退出了
2025-05-29 14:28:54 [INF] (Microsoft.Hosting.Lifetime) Application started. Press Ctrl+C to shut down.
2025-05-29 14:28:54 [INF] (Microsoft.Hosting.Lifetime) Hosting environment: "Production"
2025-05-29 14:28:54 [INF] (Microsoft.Hosting.Lifetime) Content root path: "C:\Users\qq864\Desktop\Project\软构项目\RuanGou-project\frontend\bin\Debug\net8.0-windows"
2025-05-29 14:29:01 [ERR] () 程序退出了
2025-05-29 14:30:15 [INF] (Microsoft.Hosting.Lifetime) Application started. Press Ctrl+C to shut down.
2025-05-29 14:30:15 [INF] (Microsoft.Hosting.Lifetime) Hosting environment: "Production"
2025-05-29 14:30:15 [INF] (Microsoft.Hosting.Lifetime) Content root path: "C:\Users\qq864\Desktop\Project\软构项目\RuanGou-project\frontend\bin\Debug\net8.0-windows"
2025-05-29 14:30:22 [ERR] () 程序退出了
2025-05-29 14:36:41 [INF] (Microsoft.Hosting.Lifetime) Application started. Press Ctrl+C to shut down.
2025-05-29 14:36:41 [INF] (Microsoft.Hosting.Lifetime) Hosting environment: "Production"
2025-05-29 14:36:41 [INF] (Microsoft.Hosting.Lifetime) Content root path: "C:\Users\qq864\Desktop\Project\软构项目\RuanGou-project\frontend\bin\Debug\net8.0-windows"
2025-05-29 14:36:59 [ERR] () 程序退出了
2025-05-29 15:10:44 [INF] (Microsoft.Hosting.Lifetime) Application started. Press Ctrl+C to shut down.
2025-05-29 15:10:44 [INF] (Microsoft.Hosting.Lifetime) Hosting environment: "Production"
2025-05-29 15:10:44 [INF] (Microsoft.Hosting.Lifetime) Content root path: "C:\Users\qq864\Desktop\Project\软构项目\RuanGou-project\frontend\bin\Debug\net8.0-windows"
2025-05-29 15:10:58 [ERR] () 程序退出了
2025-05-29 15:12:01 [INF] (Microsoft.Hosting.Lifetime) Application started. Press Ctrl+C to shut down.
2025-05-29 15:12:01 [INF] (Microsoft.Hosting.Lifetime) Hosting environment: "Production"
2025-05-29 15:12:01 [INF] (Microsoft.Hosting.Lifetime) Content root path: "C:\Users\qq864\Desktop\Project\软构项目\RuanGou-project\frontend\bin\Debug\net8.0-windows"
2025-05-29 15:12:38 [ERR] () 程序退出了
2025-05-29 15:18:06 [INF] (Microsoft.Hosting.Lifetime) Application started. Press Ctrl+C to shut down.
2025-05-29 15:18:06 [INF] (Microsoft.Hosting.Lifetime) Hosting environment: "Production"
2025-05-29 15:18:06 [INF] (Microsoft.Hosting.Lifetime) Content root path: "C:\Users\qq864\Desktop\Project\软构项目\RuanGou-project\frontend\bin\Debug\net8.0-windows"
2025-05-29 15:18:14 [ERR] () 程序退出了
2025-05-29 15:19:15 [INF] (Microsoft.Hosting.Lifetime) Application started. Press Ctrl+C to shut down.
2025-05-29 15:19:15 [INF] (Microsoft.Hosting.Lifetime) Hosting environment: "Production"
2025-05-29 15:19:15 [INF] (Microsoft.Hosting.Lifetime) Content root path: "C:\Users\qq864\Desktop\Project\软构项目\RuanGou-project\frontend\bin\Debug\net8.0-windows"
2025-05-29 15:19:35 [ERR] () 程序退出了
2025-05-29 15:21:11 [INF] (Microsoft.Hosting.Lifetime) Application started. Press Ctrl+C to shut down.
2025-05-29 15:21:11 [INF] (Microsoft.Hosting.Lifetime) Hosting environment: "Production"
2025-05-29 15:21:11 [INF] (Microsoft.Hosting.Lifetime) Content root path: "C:\Users\qq864\Desktop\Project\软构项目\RuanGou-project\frontend\bin\Debug\net8.0-windows"
2025-05-29 15:21:19 [ERR] () 程序退出了
2025-05-29 15:21:46 [INF] (Microsoft.Hosting.Lifetime) Application started. Press Ctrl+C to shut down.
2025-05-29 15:21:46 [INF] (Microsoft.Hosting.Lifetime) Hosting environment: "Production"
2025-05-29 15:21:46 [INF] (Microsoft.Hosting.Lifetime) Content root path: "C:\Users\qq864\Desktop\Project\软构项目\RuanGou-project\frontend\bin\Debug\net8.0-windows"
2025-05-29 15:21:52 [ERR] () 程序退出了
2025-05-29 15:22:04 [INF] (Microsoft.Hosting.Lifetime) Application started. Press Ctrl+C to shut down.
2025-05-29 15:22:05 [INF] (Microsoft.Hosting.Lifetime) Hosting environment: "Production"
2025-05-29 15:22:05 [INF] (Microsoft.Hosting.Lifetime) Content root path: "C:\Users\qq864\Desktop\Project\软构项目\RuanGou-project\frontend\bin\Debug\net8.0-windows"
2025-05-29 15:22:11 [ERR] () 程序退出了
2025-05-29 15:23:13 [INF] (Microsoft.Hosting.Lifetime) Application started. Press Ctrl+C to shut down.
2025-05-29 15:23:13 [INF] (Microsoft.Hosting.Lifetime) Hosting environment: "Production"
2025-05-29 15:23:13 [INF] (Microsoft.Hosting.Lifetime) Content root path: "C:\Users\qq864\Desktop\Project\软构项目\RuanGou-project\frontend\bin\Debug\net8.0-windows"
2025-05-29 15:23:19 [ERR] () 程序退出了
2025-05-29 15:24:26 [INF] (Microsoft.Hosting.Lifetime) Application started. Press Ctrl+C to shut down.
2025-05-29 15:24:26 [INF] (Microsoft.Hosting.Lifetime) Hosting environment: "Production"
2025-05-29 15:24:26 [INF] (Microsoft.Hosting.Lifetime) Content root path: "C:\Users\qq864\Desktop\Project\软构项目\RuanGou-project\frontend\bin\Debug\net8.0-windows"
2025-05-29 15:24:32 [ERR] () 程序退出了
2025-05-29 15:25:24 [INF] (Microsoft.Hosting.Lifetime) Application started. Press Ctrl+C to shut down.
2025-05-29 15:25:24 [INF] (Microsoft.Hosting.Lifetime) Hosting environment: "Production"
2025-05-29 15:25:24 [INF] (Microsoft.Hosting.Lifetime) Content root path: "C:\Users\qq864\Desktop\Project\软构项目\RuanGou-project\frontend\bin\Debug\net8.0-windows"
2025-05-29 15:25:30 [ERR] () 程序退出了
2025-05-29 15:26:00 [INF] (Microsoft.Hosting.Lifetime) Application started. Press Ctrl+C to shut down.
2025-05-29 15:26:00 [INF] (Microsoft.Hosting.Lifetime) Hosting environment: "Production"
2025-05-29 15:26:00 [INF] (Microsoft.Hosting.Lifetime) Content root path: "C:\Users\qq864\Desktop\Project\软构项目\RuanGou-project\frontend\bin\Debug\net8.0-windows"
2025-05-29 15:26:04 [ERR] () 程序退出了
2025-05-29 15:39:07 [INF] (Microsoft.Hosting.Lifetime) Application started. Press Ctrl+C to shut down.
2025-05-29 15:39:07 [INF] (Microsoft.Hosting.Lifetime) Hosting environment: "Production"
2025-05-29 15:39:07 [INF] (Microsoft.Hosting.Lifetime) Content root path: "C:\Users\qq864\Desktop\Project\软构项目\RuanGou-project\frontend\bin\Debug\net8.0-windows"
2025-05-29 15:39:18 [ERR] () 程序退出了
2025-05-29 15:41:12 [INF] (Microsoft.Hosting.Lifetime) Application started. Press Ctrl+C to shut down.
2025-05-29 15:41:12 [INF] (Microsoft.Hosting.Lifetime) Hosting environment: "Production"
2025-05-29 15:41:12 [INF] (Microsoft.Hosting.Lifetime) Content root path: "C:\Users\qq864\Desktop\Project\软构项目\RuanGou-project\frontend\bin\Debug\net8.0-windows"
2025-05-29 15:41:18 [ERR] () 程序退出了
2025-05-29 15:44:44 [INF] (Microsoft.Hosting.Lifetime) Application started. Press Ctrl+C to shut down.
2025-05-29 15:44:44 [INF] (Microsoft.Hosting.Lifetime) Hosting environment: "Production"
2025-05-29 15:44:44 [INF] (Microsoft.Hosting.Lifetime) Content root path: "C:\Users\qq864\Desktop\Project\软构项目\RuanGou-project\frontend\bin\Debug\net8.0-windows"
2025-05-29 15:46:55 [INF] (Microsoft.Hosting.Lifetime) Application started. Press Ctrl+C to shut down.
2025-05-29 15:46:55 [INF] (Microsoft.Hosting.Lifetime) Hosting environment: "Production"
2025-05-29 15:46:55 [INF] (Microsoft.Hosting.Lifetime) Content root path: "C:\Users\qq864\Desktop\Project\软构项目\RuanGou-project\frontend\bin\Debug\net8.0-windows"
2025-05-29 15:49:25 [INF] (Microsoft.Hosting.Lifetime) Application started. Press Ctrl+C to shut down.
2025-05-29 15:49:25 [INF] (Microsoft.Hosting.Lifetime) Hosting environment: "Production"
2025-05-29 15:49:25 [INF] (Microsoft.Hosting.Lifetime) Content root path: "C:\Users\qq864\Desktop\Project\软构项目\RuanGou-project\frontend\bin\Debug\net8.0-windows"
2025-05-29 15:49:52 [ERR] () 程序退出了
2025-05-29 15:54:53 [INF] (Microsoft.Hosting.Lifetime) Application started. Press Ctrl+C to shut down.
2025-05-29 15:54:53 [INF] (Microsoft.Hosting.Lifetime) Hosting environment: "Production"
2025-05-29 15:54:53 [INF] (Microsoft.Hosting.Lifetime) Content root path: "C:\Users\qq864\Desktop\Project\软构项目\RuanGou-project\frontend\bin\Debug\net8.0-windows"
2025-05-29 15:55:45 [ERR] () 程序退出了
2025-05-29 15:57:02 [INF] (Microsoft.Hosting.Lifetime) Application started. Press Ctrl+C to shut down.
2025-05-29 15:57:02 [INF] (Microsoft.Hosting.Lifetime) Hosting environment: "Production"
2025-05-29 15:57:02 [INF] (Microsoft.Hosting.Lifetime) Content root path: "C:\Users\qq864\Desktop\Project\软构项目\RuanGou-project\frontend\bin\Debug\net8.0-windows"
2025-05-29 16:01:55 [ERR] () 程序退出了
2025-05-29 16:11:35 [INF] (Microsoft.Hosting.Lifetime) Application started. Press Ctrl+C to shut down.
2025-05-29 16:11:35 [INF] (Microsoft.Hosting.Lifetime) Hosting environment: "Production"
2025-05-29 16:11:35 [INF] (Microsoft.Hosting.Lifetime) Content root path: "C:\Users\qq864\Desktop\Project\软构项目\RuanGou-project\frontend\bin\Debug\net8.0-windows"
2025-05-29 16:11:50 [ERR] () 程序退出了
2025-05-29 16:12:45 [INF] (Microsoft.Hosting.Lifetime) Application started. Press Ctrl+C to shut down.
2025-05-29 16:12:45 [INF] (Microsoft.Hosting.Lifetime) Hosting environment: "Production"
2025-05-29 16:12:45 [INF] (Microsoft.Hosting.Lifetime) Content root path: "C:\Users\qq864\Desktop\Project\软构项目\RuanGou-project\frontend\bin\Debug\net8.0-windows"
2025-05-29 16:12:56 [ERR] () 程序退出了
2025-05-29 16:13:26 [INF] (Microsoft.Hosting.Lifetime) Application started. Press Ctrl+C to shut down.
2025-05-29 16:13:26 [INF] (Microsoft.Hosting.Lifetime) Hosting environment: "Production"
2025-05-29 16:13:26 [INF] (Microsoft.Hosting.Lifetime) Content root path: "C:\Users\qq864\Desktop\Project\软构项目\RuanGou-project\frontend\bin\Debug\net8.0-windows"
2025-05-29 17:08:35 [ERR] () 程序退出了
2025-05-29 17:54:09 [INF] (Microsoft.Hosting.Lifetime) Application started. Press Ctrl+C to shut down.
2025-05-29 17:54:09 [INF] (Microsoft.Hosting.Lifetime) Hosting environment: "Production"
2025-05-29 17:54:09 [INF] (Microsoft.Hosting.Lifetime) Content root path: "C:\Users\qq864\Desktop\Project\软构项目\RuanGou-project\frontend\bin\Debug\net8.0-windows"
2025-05-29 17:55:25 [ERR] () 程序退出了
2025-05-29 18:11:19 [ERR] () 程序退出了
