2025-05-20 19:44:50 [INF] (Microsoft.Hosting.Lifetime) Application started. Press Ctrl+C to shut down.
2025-05-20 19:44:50 [INF] (Microsoft.Hosting.Lifetime) Hosting environment: "Production"
2025-05-20 19:44:50 [INF] (Microsoft.Hosting.Lifetime) Content root path: "C:\Users\29586\RuanGou-project\frontend\bin\Debug\net8.0-windows"
2025-05-20 19:45:28 [ERR] () 程序退出了
2025-05-20 19:48:13 [INF] (Microsoft.Hosting.Lifetime) Application started. Press Ctrl+C to shut down.
2025-05-20 19:48:13 [INF] (Microsoft.Hosting.Lifetime) Hosting environment: "Production"
2025-05-20 19:48:13 [INF] (Microsoft.Hosting.Lifetime) Content root path: "C:\Users\29586\RuanGou-project\frontend\bin\Debug\net8.0-windows"
2025-05-20 20:01:50 [ERR] () 程序退出了
2025-05-20 20:05:39 [INF] (Microsoft.Hosting.Lifetime) Application started. Press Ctrl+C to shut down.
2025-05-20 20:05:39 [INF] (Microsoft.Hosting.Lifetime) Hosting environment: "Production"
2025-05-20 20:05:39 [INF] (Microsoft.Hosting.Lifetime) Content root path: "C:\Users\29586\RuanGou-project\frontend\bin\Debug\net8.0-windows"
2025-05-20 20:06:14 [ERR] () 程序退出了
2025-05-20 20:08:35 [INF] (Microsoft.Hosting.Lifetime) Application started. Press Ctrl+C to shut down.
2025-05-20 20:08:35 [INF] (Microsoft.Hosting.Lifetime) Hosting environment: "Production"
2025-05-20 20:08:35 [INF] (Microsoft.Hosting.Lifetime) Content root path: "C:\Users\29586\RuanGou-project\frontend\bin\Debug\net8.0-windows"
2025-05-20 20:09:15 [ERR] () 程序退出了
2025-05-20 20:23:42 [INF] (Microsoft.Hosting.Lifetime) Application started. Press Ctrl+C to shut down.
2025-05-20 20:23:42 [INF] (Microsoft.Hosting.Lifetime) Hosting environment: "Production"
2025-05-20 20:23:42 [INF] (Microsoft.Hosting.Lifetime) Content root path: "C:\Users\29586\RuanGou-project\frontend\bin\Debug\net8.0-windows"
2025-05-20 20:24:20 [ERR] () 程序退出了
2025-05-20 20:27:12 [INF] (Microsoft.Hosting.Lifetime) Application started. Press Ctrl+C to shut down.
2025-05-20 20:27:12 [INF] (Microsoft.Hosting.Lifetime) Hosting environment: "Production"
2025-05-20 20:27:12 [INF] (Microsoft.Hosting.Lifetime) Content root path: "C:\Users\29586\RuanGou-project\frontend\bin\Debug\net8.0-windows"
2025-05-20 20:27:28 [INF] (frontend.ViewModels.QuickLaunchViewModel) 添加了默认快捷方式
2025-05-20 20:27:30 [INF] (frontend.ViewModels.QuickLaunchViewModel) 快捷方式数据已保存
2025-05-20 20:28:07 [ERR] () 程序退出了
