2025-05-23 14:19:48 [INF] (Microsoft.Hosting.Lifetime) Application started. Press Ctrl+C to shut down.
2025-05-23 14:19:48 [INF] (Microsoft.Hosting.Lifetime) Hosting environment: "Production"
2025-05-23 14:19:48 [INF] (Microsoft.Hosting.Lifetime) Content root path: "C:\Users\qq864\Desktop\Project\软构项目\RuanGou-project\frontend\bin\Debug\net8.0-windows"
2025-05-23 14:20:02 [ERR] () 程序退出了
2025-05-23 14:25:44 [INF] (Microsoft.Hosting.Lifetime) Application started. Press Ctrl+C to shut down.
2025-05-23 14:25:44 [INF] (Microsoft.Hosting.Lifetime) Hosting environment: "Production"
2025-05-23 14:25:44 [INF] (Microsoft.Hosting.Lifetime) Content root path: "C:\Users\qq864\Desktop\Project\软构项目\RuanGou-project\frontend\bin\Debug\net8.0-windows"
2025-05-23 14:28:29 [INF] (Microsoft.Hosting.Lifetime) Application started. Press Ctrl+C to shut down.
2025-05-23 14:28:29 [INF] (Microsoft.Hosting.Lifetime) Hosting environment: "Production"
2025-05-23 14:28:29 [INF] (Microsoft.Hosting.Lifetime) Content root path: "C:\Users\qq864\Desktop\Project\软构项目\RuanGou-project\frontend\bin\Debug\net8.0-windows"
2025-05-23 14:28:52 [ERR] () 程序退出了
2025-05-23 14:32:05 [INF] (Microsoft.Hosting.Lifetime) Application started. Press Ctrl+C to shut down.
2025-05-23 14:32:05 [INF] (Microsoft.Hosting.Lifetime) Hosting environment: "Production"
2025-05-23 14:32:05 [INF] (Microsoft.Hosting.Lifetime) Content root path: "C:\Users\qq864\Desktop\Project\软构项目\RuanGou-project\frontend\bin\Debug\net8.0-windows"
2025-05-23 14:32:10 [ERR] () 程序退出了
2025-05-23 14:34:53 [INF] (Microsoft.Hosting.Lifetime) Application started. Press Ctrl+C to shut down.
2025-05-23 14:34:53 [INF] (Microsoft.Hosting.Lifetime) Hosting environment: "Production"
2025-05-23 14:34:53 [INF] (Microsoft.Hosting.Lifetime) Content root path: "C:\Users\qq864\Desktop\Project\软构项目\RuanGou-project\frontend\bin\Debug\net8.0-windows"
2025-05-23 14:35:41 [ERR] () 程序退出了
2025-05-23 14:36:00 [INF] (Microsoft.Hosting.Lifetime) Application started. Press Ctrl+C to shut down.
2025-05-23 14:36:00 [INF] (Microsoft.Hosting.Lifetime) Hosting environment: "Production"
2025-05-23 14:36:00 [INF] (Microsoft.Hosting.Lifetime) Content root path: "C:\Users\qq864\Desktop\Project\软构项目\RuanGou-project\frontend\bin\Debug\net8.0-windows"
2025-05-23 14:36:11 [ERR] () 程序退出了
2025-05-23 14:36:36 [INF] (Microsoft.Hosting.Lifetime) Application started. Press Ctrl+C to shut down.
2025-05-23 14:36:36 [INF] (Microsoft.Hosting.Lifetime) Hosting environment: "Production"
2025-05-23 14:36:36 [INF] (Microsoft.Hosting.Lifetime) Content root path: "C:\Users\qq864\Desktop\Project\软构项目\RuanGou-project\frontend\bin\Debug\net8.0-windows"
2025-05-23 14:37:25 [ERR] () 程序退出了
2025-05-23 14:38:10 [INF] (Microsoft.Hosting.Lifetime) Application started. Press Ctrl+C to shut down.
2025-05-23 14:38:10 [INF] (Microsoft.Hosting.Lifetime) Hosting environment: "Production"
2025-05-23 14:38:10 [INF] (Microsoft.Hosting.Lifetime) Content root path: "C:\Users\qq864\Desktop\Project\软构项目\RuanGou-project\frontend\bin\Debug\net8.0-windows"
2025-05-23 14:38:30 [ERR] () 程序退出了
2025-05-23 14:38:59 [INF] (Microsoft.Hosting.Lifetime) Application started. Press Ctrl+C to shut down.
2025-05-23 14:38:59 [INF] (Microsoft.Hosting.Lifetime) Hosting environment: "Production"
2025-05-23 14:38:59 [INF] (Microsoft.Hosting.Lifetime) Content root path: "C:\Users\qq864\Desktop\Project\软构项目\RuanGou-project\frontend\bin\Debug\net8.0-windows"
2025-05-23 14:39:10 [ERR] () 程序退出了
2025-05-23 14:40:21 [INF] (Microsoft.Hosting.Lifetime) Application started. Press Ctrl+C to shut down.
2025-05-23 14:40:21 [INF] (Microsoft.Hosting.Lifetime) Hosting environment: "Production"
2025-05-23 14:40:21 [INF] (Microsoft.Hosting.Lifetime) Content root path: "C:\Users\qq864\Desktop\Project\软构项目\RuanGou-project\frontend\bin\Debug\net8.0-windows"
2025-05-23 14:40:29 [ERR] () 程序退出了
2025-05-23 14:43:17 [INF] (Microsoft.Hosting.Lifetime) Application started. Press Ctrl+C to shut down.
2025-05-23 14:43:17 [INF] (Microsoft.Hosting.Lifetime) Hosting environment: "Production"
2025-05-23 14:43:17 [INF] (Microsoft.Hosting.Lifetime) Content root path: "C:\Users\qq864\Desktop\Project\软构项目\RuanGou-project\frontend\bin\Debug\net8.0-windows"
2025-05-23 14:43:32 [ERR] () 程序退出了
2025-05-23 14:45:11 [INF] (Microsoft.Hosting.Lifetime) Application started. Press Ctrl+C to shut down.
2025-05-23 14:45:11 [INF] (Microsoft.Hosting.Lifetime) Hosting environment: "Production"
2025-05-23 14:45:11 [INF] (Microsoft.Hosting.Lifetime) Content root path: "C:\Users\qq864\Desktop\Project\软构项目\RuanGou-project\frontend\bin\Debug\net8.0-windows"
2025-05-23 14:45:32 [ERR] () 程序退出了
2025-05-23 14:46:11 [INF] (Microsoft.Hosting.Lifetime) Application started. Press Ctrl+C to shut down.
2025-05-23 14:46:11 [INF] (Microsoft.Hosting.Lifetime) Hosting environment: "Production"
2025-05-23 14:46:11 [INF] (Microsoft.Hosting.Lifetime) Content root path: "C:\Users\qq864\Desktop\Project\软构项目\RuanGou-project\frontend\bin\Debug\net8.0-windows"
2025-05-23 14:48:43 [INF] (Microsoft.Hosting.Lifetime) Application started. Press Ctrl+C to shut down.
2025-05-23 14:48:43 [INF] (Microsoft.Hosting.Lifetime) Hosting environment: "Production"
2025-05-23 14:48:43 [INF] (Microsoft.Hosting.Lifetime) Content root path: "C:\Users\qq864\Desktop\Project\软构项目\RuanGou-project\frontend\bin\Debug\net8.0-windows"
2025-05-23 14:51:55 [ERR] () 程序退出了
2025-05-23 14:52:07 [INF] (Microsoft.Hosting.Lifetime) Application started. Press Ctrl+C to shut down.
2025-05-23 14:52:07 [INF] (Microsoft.Hosting.Lifetime) Hosting environment: "Production"
2025-05-23 14:52:07 [INF] (Microsoft.Hosting.Lifetime) Content root path: "C:\Users\qq864\Desktop\Project\软构项目\RuanGou-project\frontend\bin\Debug\net8.0-windows"
2025-05-23 14:57:52 [ERR] () 程序退出了
2025-05-23 14:57:57 [INF] (Microsoft.Hosting.Lifetime) Application started. Press Ctrl+C to shut down.
2025-05-23 14:57:57 [INF] (Microsoft.Hosting.Lifetime) Hosting environment: "Production"
2025-05-23 14:57:57 [INF] (Microsoft.Hosting.Lifetime) Content root path: "C:\Users\qq864\Desktop\Project\软构项目\RuanGou-project\frontend\bin\Debug\net8.0-windows"
2025-05-23 14:58:15 [ERR] () 程序退出了
2025-05-23 14:59:57 [INF] (Microsoft.Hosting.Lifetime) Application started. Press Ctrl+C to shut down.
2025-05-23 14:59:57 [INF] (Microsoft.Hosting.Lifetime) Hosting environment: "Production"
2025-05-23 14:59:57 [INF] (Microsoft.Hosting.Lifetime) Content root path: "C:\Users\qq864\Desktop\Project\软构项目\RuanGou-project\frontend\bin\Debug\net8.0-windows"
2025-05-23 15:00:06 [ERR] () 程序退出了
2025-05-23 15:02:54 [INF] (Microsoft.Hosting.Lifetime) Application started. Press Ctrl+C to shut down.
2025-05-23 15:02:54 [INF] (Microsoft.Hosting.Lifetime) Hosting environment: "Production"
2025-05-23 15:02:54 [INF] (Microsoft.Hosting.Lifetime) Content root path: "C:\Users\qq864\Desktop\Project\软构项目\RuanGou-project\frontend\bin\Debug\net8.0-windows"
2025-05-23 15:06:04 [ERR] () 程序退出了
2025-05-23 15:06:09 [INF] (Microsoft.Hosting.Lifetime) Application started. Press Ctrl+C to shut down.
2025-05-23 15:06:09 [INF] (Microsoft.Hosting.Lifetime) Hosting environment: "Production"
2025-05-23 15:06:09 [INF] (Microsoft.Hosting.Lifetime) Content root path: "C:\Users\qq864\Desktop\Project\软构项目\RuanGou-project\frontend\bin\Debug\net8.0-windows"
2025-05-23 15:06:18 [ERR] () 程序退出了
2025-05-23 15:07:08 [INF] (Microsoft.Hosting.Lifetime) Application started. Press Ctrl+C to shut down.
2025-05-23 15:07:08 [INF] (Microsoft.Hosting.Lifetime) Hosting environment: "Production"
2025-05-23 15:07:08 [INF] (Microsoft.Hosting.Lifetime) Content root path: "C:\Users\qq864\Desktop\Project\软构项目\RuanGou-project\frontend\bin\Debug\net8.0-windows"
2025-05-23 15:07:13 [ERR] () 程序退出了
2025-05-23 15:08:06 [INF] (Microsoft.Hosting.Lifetime) Application started. Press Ctrl+C to shut down.
2025-05-23 15:08:06 [INF] (Microsoft.Hosting.Lifetime) Hosting environment: "Production"
2025-05-23 15:08:06 [INF] (Microsoft.Hosting.Lifetime) Content root path: "C:\Users\qq864\Desktop\Project\软构项目\RuanGou-project\frontend\bin\Debug\net8.0-windows"
2025-05-23 15:08:23 [ERR] () 程序退出了
2025-05-23 15:10:53 [INF] (Microsoft.Hosting.Lifetime) Application started. Press Ctrl+C to shut down.
2025-05-23 15:10:53 [INF] (Microsoft.Hosting.Lifetime) Hosting environment: "Production"
2025-05-23 15:10:53 [INF] (Microsoft.Hosting.Lifetime) Content root path: "C:\Users\qq864\Desktop\Project\软构项目\RuanGou-project\frontend\bin\Debug\net8.0-windows"
2025-05-23 15:11:01 [ERR] () 程序退出了
2025-05-23 15:17:51 [INF] (Microsoft.Hosting.Lifetime) Application started. Press Ctrl+C to shut down.
2025-05-23 15:17:51 [INF] (Microsoft.Hosting.Lifetime) Hosting environment: "Production"
2025-05-23 15:17:51 [INF] (Microsoft.Hosting.Lifetime) Content root path: "C:\Users\qq864\Desktop\Project\软构项目\RuanGou-project\frontend\bin\Debug\net8.0-windows"
2025-05-23 15:18:11 [INF] (frontend.ViewModels.QuickLaunchViewModel) 从文件加载了 3 个快捷方式
2025-05-23 15:18:42 [INF] (frontend.ViewModels.QuickLaunchViewModel) 添加了新的快捷方式: Obsidian
2025-05-23 15:18:42 [INF] (frontend.ViewModels.QuickLaunchViewModel) 快捷方式数据已保存
2025-05-23 15:18:45 [INF] (frontend.ViewModels.QuickLaunchViewModel) 启动了快捷方式: Obsidian
2025-05-23 15:18:45 [INF] (frontend.ViewModels.QuickLaunchViewModel) 快捷方式数据已保存
2025-05-23 15:18:53 [INF] (frontend.ViewModels.QuickLaunchViewModel) 快捷方式数据已保存
2025-05-23 15:29:52 [ERR] () 程序退出了
