2025-05-15 22:19:53 [ERR] () 程序退出了
2025-05-15 22:20:49 [ERR] () 程序退出了
2025-05-15 22:20:59 [INF] (Microsoft.Hosting.Lifetime) Application started. Press Ctrl+C to shut down.
2025-05-15 22:20:59 [INF] (Microsoft.Hosting.Lifetime) Hosting environment: "Production"
2025-05-15 22:20:59 [INF] (Microsoft.Hosting.Lifetime) Content root path: "C:\Users\m1510\Desktop\RuanGou-project\frontend\bin\Debug\net8.0-windows"
2025-05-15 22:23:06 [ERR] () 程序退出了
2025-05-15 22:25:58 [INF] (Microsoft.Hosting.Lifetime) Application started. Press Ctrl+C to shut down.
2025-05-15 22:25:58 [INF] (Microsoft.Hosting.Lifetime) Hosting environment: "Production"
2025-05-15 22:25:58 [INF] (Microsoft.Hosting.Lifetime) Content root path: "C:\Users\m1510\Desktop\RuanGou-project\frontend\bin\Debug\net8.0-windows"
2025-05-15 22:27:26 [INF] (frontend.ViewModels.QuickLaunchViewModel) 添加了默认快捷方式
2025-05-15 22:27:29 [INF] (frontend.ViewModels.QuickLaunchViewModel) 启动了快捷方式: 计算器
2025-05-15 22:27:29 [INF] (frontend.ViewModels.QuickLaunchViewModel) 快捷方式数据已保存
2025-05-15 22:27:33 [INF] (frontend.ViewModels.QuickLaunchViewModel) 启动了快捷方式: 画图
2025-05-15 22:27:33 [INF] (frontend.ViewModels.QuickLaunchViewModel) 快捷方式数据已保存
2025-05-15 22:27:38 [INF] (frontend.ViewModels.QuickLaunchViewModel) 快捷方式数据已保存
2025-05-15 22:27:42 [ERR] () 程序退出了
2025-05-15 22:28:32 [INF] (Microsoft.Hosting.Lifetime) Application started. Press Ctrl+C to shut down.
2025-05-15 22:28:32 [INF] (Microsoft.Hosting.Lifetime) Hosting environment: "Production"
2025-05-15 22:28:32 [INF] (Microsoft.Hosting.Lifetime) Content root path: "C:\Users\m1510\Desktop\RuanGou-project\frontend\bin\Debug\net8.0-windows"
2025-05-15 22:30:38 [ERR] () 程序退出了
2025-05-15 23:12:12 [ERR] () 程序退出了
2025-05-15 23:30:15 [INF] (Microsoft.Hosting.Lifetime) Application started. Press Ctrl+C to shut down.
2025-05-15 23:30:15 [INF] (Microsoft.Hosting.Lifetime) Hosting environment: "Production"
2025-05-15 23:30:15 [INF] (Microsoft.Hosting.Lifetime) Content root path: "C:\Users\m1510\Desktop\RuanGou-project\frontend\bin\Debug\net8.0-windows"
2025-05-15 23:30:26 [INF] (frontend.ViewModels.SettingViewModel) 初始化设置页面数据
2025-05-15 23:30:40 [INF] (frontend.ViewModels.QuickLaunchViewModel) 从文件加载了 3 个快捷方式
2025-05-15 23:30:42 [INF] (frontend.ViewModels.QuickLaunchViewModel) 快捷方式数据已保存
2025-05-15 23:30:48 [ERR] () 程序退出了
2025-05-15 23:32:45 [INF] (Microsoft.Hosting.Lifetime) Application started. Press Ctrl+C to shut down.
2025-05-15 23:32:45 [INF] (Microsoft.Hosting.Lifetime) Hosting environment: "Production"
2025-05-15 23:32:45 [INF] (Microsoft.Hosting.Lifetime) Content root path: "C:\Users\m1510\Desktop\RuanGou-project\frontend\bin\Debug\net8.0-windows"
2025-05-15 23:35:10 [INF] (Microsoft.Hosting.Lifetime) Application started. Press Ctrl+C to shut down.
2025-05-15 23:35:10 [INF] (Microsoft.Hosting.Lifetime) Hosting environment: "Production"
2025-05-15 23:35:10 [INF] (Microsoft.Hosting.Lifetime) Content root path: "C:\Users\m1510\Desktop\RuanGou-project\frontend\bin\Debug\net8.0-windows"
2025-05-15 23:39:07 [INF] (Microsoft.Hosting.Lifetime) Application started. Press Ctrl+C to shut down.
2025-05-15 23:39:07 [INF] (Microsoft.Hosting.Lifetime) Hosting environment: "Production"
2025-05-15 23:39:07 [INF] (Microsoft.Hosting.Lifetime) Content root path: "C:\Users\m1510\Desktop\RuanGou-project\frontend\bin\Debug\net8.0-windows"
2025-05-15 23:39:58 [INF] (frontend.ViewModels.QuickLaunchViewModel) 从文件加载了 3 个快捷方式
2025-05-15 23:40:24 [INF] (frontend.ViewModels.QuickLaunchViewModel) 添加了新的快捷方式: qq
2025-05-15 23:40:24 [INF] (frontend.ViewModels.QuickLaunchViewModel) 快捷方式数据已保存
2025-05-15 23:40:26 [INF] (frontend.ViewModels.QuickLaunchViewModel) 启动了快捷方式: qq
2025-05-15 23:40:26 [INF] (frontend.ViewModels.QuickLaunchViewModel) 快捷方式数据已保存
2025-05-15 23:40:35 [INF] (frontend.ViewModels.QuickLaunchViewModel) 删除了快捷方式: qq
2025-05-15 23:40:35 [INF] (frontend.ViewModels.QuickLaunchViewModel) 快捷方式数据已保存
2025-05-15 23:40:38 [ERR] () 程序退出了
2025-05-15 23:42:28 [INF] (Microsoft.Hosting.Lifetime) Application started. Press Ctrl+C to shut down.
2025-05-15 23:42:28 [INF] (Microsoft.Hosting.Lifetime) Hosting environment: "Production"
2025-05-15 23:42:28 [INF] (Microsoft.Hosting.Lifetime) Content root path: "C:\Users\m1510\Desktop\RuanGou-project\frontend\bin\Debug\net8.0-windows"
2025-05-15 23:45:13 [ERR] () 程序退出了
