2025-05-28 00:10:28 [ERR] () 程序退出了
2025-05-28 00:11:24 [INF] (Microsoft.Hosting.Lifetime) Application started. Press Ctrl+C to shut down.
2025-05-28 00:11:24 [INF] (Microsoft.Hosting.Lifetime) Hosting environment: "Production"
2025-05-28 00:11:24 [INF] (Microsoft.Hosting.Lifetime) Content root path: "C:\Users\m1510\Desktop\RuanGou-project\frontend\bin\Debug\net8.0-windows"
2025-05-28 00:11:48 [ERR] () 程序退出了
2025-05-28 00:29:00 [INF] (Microsoft.Hosting.Lifetime) Application started. Press Ctrl+C to shut down.
2025-05-28 00:29:00 [INF] (Microsoft.Hosting.Lifetime) Hosting environment: "Production"
2025-05-28 00:29:00 [INF] (Microsoft.Hosting.Lifetime) Content root path: "C:\Users\m1510\Desktop\RuanGou-project\frontend\bin\Debug\net8.0-windows"
2025-05-28 00:30:30 [ERR] () 程序退出了
2025-05-28 00:30:44 [INF] (Microsoft.Hosting.Lifetime) Application started. Press Ctrl+C to shut down.
2025-05-28 00:30:44 [INF] (Microsoft.Hosting.Lifetime) Hosting environment: "Production"
2025-05-28 00:30:44 [INF] (Microsoft.Hosting.Lifetime) Content root path: "C:\Users\m1510\Desktop\RuanGou-project\frontend\bin\Debug\net8.0-windows"
2025-05-28 00:30:52 [ERR] () 程序退出了
2025-05-28 00:32:41 [INF] (Microsoft.Hosting.Lifetime) Application started. Press Ctrl+C to shut down.
2025-05-28 00:32:41 [INF] (Microsoft.Hosting.Lifetime) Hosting environment: "Production"
2025-05-28 00:32:41 [INF] (Microsoft.Hosting.Lifetime) Content root path: "C:\Users\m1510\Desktop\RuanGou-project\frontend\bin\Debug\net8.0-windows"
2025-05-28 00:33:18 [ERR] () 程序退出了
2025-05-28 00:44:04 [INF] (Microsoft.Hosting.Lifetime) Application started. Press Ctrl+C to shut down.
2025-05-28 00:44:04 [INF] (Microsoft.Hosting.Lifetime) Hosting environment: "Production"
2025-05-28 00:44:04 [INF] (Microsoft.Hosting.Lifetime) Content root path: "C:\Users\m1510\Desktop\RuanGou-project\frontend\bin\Debug\net8.0-windows"
2025-05-28 00:44:17 [ERR] () 程序退出了
2025-05-28 00:44:57 [INF] (Microsoft.Hosting.Lifetime) Application started. Press Ctrl+C to shut down.
2025-05-28 00:44:57 [INF] (Microsoft.Hosting.Lifetime) Hosting environment: "Production"
2025-05-28 00:44:57 [INF] (Microsoft.Hosting.Lifetime) Content root path: "C:\Users\m1510\Desktop\RuanGou-project\frontend\bin\Debug\net8.0-windows"
2025-05-28 00:48:47 [ERR] () 程序退出了
2025-05-28 00:48:55 [INF] (Microsoft.Hosting.Lifetime) Application started. Press Ctrl+C to shut down.
2025-05-28 00:48:55 [INF] (Microsoft.Hosting.Lifetime) Hosting environment: "Production"
2025-05-28 00:48:55 [INF] (Microsoft.Hosting.Lifetime) Content root path: "C:\Users\m1510\Desktop\RuanGou-project\frontend\bin\Debug\net8.0-windows"
2025-05-28 00:49:06 [ERR] () 程序退出了
2025-05-28 00:49:13 [INF] (Microsoft.Hosting.Lifetime) Application started. Press Ctrl+C to shut down.
2025-05-28 00:49:13 [INF] (Microsoft.Hosting.Lifetime) Hosting environment: "Production"
2025-05-28 00:49:13 [INF] (Microsoft.Hosting.Lifetime) Content root path: "C:\Users\m1510\Desktop\RuanGou-project\frontend\bin\Debug\net8.0-windows"
2025-05-28 00:49:21 [ERR] () 程序退出了
2025-05-28 00:57:05 [INF] (Microsoft.Hosting.Lifetime) Application started. Press Ctrl+C to shut down.
2025-05-28 00:57:05 [INF] (Microsoft.Hosting.Lifetime) Hosting environment: "Production"
2025-05-28 00:57:05 [INF] (Microsoft.Hosting.Lifetime) Content root path: "C:\Users\m1510\Desktop\RuanGou-project\frontend\bin\Debug\net8.0-windows"
2025-05-28 00:57:22 [ERR] () 程序退出了
2025-05-28 01:14:18 [INF] (Microsoft.Hosting.Lifetime) Application started. Press Ctrl+C to shut down.
2025-05-28 01:14:18 [INF] (Microsoft.Hosting.Lifetime) Hosting environment: "Production"
2025-05-28 01:14:18 [INF] (Microsoft.Hosting.Lifetime) Content root path: "C:\Users\m1510\Desktop\RuanGou-project\frontend\bin\Debug\net8.0-windows"
2025-05-28 01:15:08 [ERR] () 程序退出了
2025-05-28 01:18:43 [INF] (Microsoft.Hosting.Lifetime) Application started. Press Ctrl+C to shut down.
2025-05-28 01:18:43 [INF] (Microsoft.Hosting.Lifetime) Hosting environment: "Production"
2025-05-28 01:18:43 [INF] (Microsoft.Hosting.Lifetime) Content root path: "C:\Users\m1510\Desktop\RuanGou-project\frontend\bin\Debug\net8.0-windows"
2025-05-28 01:19:09 [INF] (frontend.ViewModels.QuickLaunchViewModel) 从文件加载了 4 个快捷方式
2025-05-28 01:19:10 [INF] (frontend.ViewModels.QuickLaunchViewModel) 快捷方式数据已保存
2025-05-28 01:20:03 [ERR] () 程序退出了
2025-05-28 01:24:13 [INF] (Microsoft.Hosting.Lifetime) Application started. Press Ctrl+C to shut down.
2025-05-28 01:24:14 [INF] (Microsoft.Hosting.Lifetime) Hosting environment: "Production"
2025-05-28 01:24:14 [INF] (Microsoft.Hosting.Lifetime) Content root path: "C:\Users\m1510\Desktop\RuanGou-project\frontend\bin\Debug\net8.0-windows"
2025-05-28 01:24:36 [INF] (Microsoft.Hosting.Lifetime) Application started. Press Ctrl+C to shut down.
2025-05-28 01:24:36 [INF] (Microsoft.Hosting.Lifetime) Hosting environment: "Production"
2025-05-28 01:24:36 [INF] (Microsoft.Hosting.Lifetime) Content root path: "C:\Users\m1510\Desktop\RuanGou-project\frontend\bin\Debug\net8.0-windows"
2025-05-28 01:29:09 [INF] (Microsoft.Hosting.Lifetime) Application started. Press Ctrl+C to shut down.
2025-05-28 01:29:09 [INF] (Microsoft.Hosting.Lifetime) Hosting environment: "Production"
2025-05-28 01:29:09 [INF] (Microsoft.Hosting.Lifetime) Content root path: "C:\Users\m1510\Desktop\RuanGou-project\frontend\bin\Debug\net8.0-windows"
2025-05-28 01:30:59 [INF] (Microsoft.Hosting.Lifetime) Application started. Press Ctrl+C to shut down.
2025-05-28 01:30:59 [INF] (Microsoft.Hosting.Lifetime) Hosting environment: "Production"
2025-05-28 01:30:59 [INF] (Microsoft.Hosting.Lifetime) Content root path: "C:\Users\m1510\Desktop\RuanGou-project\frontend\bin\Debug\net8.0-windows"
2025-05-28 01:31:06 [ERR] () 程序退出了
2025-05-28 01:42:42 [INF] (Microsoft.Hosting.Lifetime) Application started. Press Ctrl+C to shut down.
2025-05-28 01:42:42 [INF] (Microsoft.Hosting.Lifetime) Hosting environment: "Production"
2025-05-28 01:42:42 [INF] (Microsoft.Hosting.Lifetime) Content root path: "C:\Users\m1510\Desktop\RuanGou-project\frontend\bin\Debug\net8.0-windows"
2025-05-28 01:44:01 [INF] (Microsoft.Hosting.Lifetime) Application started. Press Ctrl+C to shut down.
2025-05-28 01:44:02 [INF] (Microsoft.Hosting.Lifetime) Hosting environment: "Production"
2025-05-28 01:44:02 [INF] (Microsoft.Hosting.Lifetime) Content root path: "C:\Users\m1510\Desktop\RuanGou-project\frontend\bin\Debug\net8.0-windows"
2025-05-28 01:45:57 [INF] (Microsoft.Hosting.Lifetime) Application started. Press Ctrl+C to shut down.
2025-05-28 01:45:57 [INF] (Microsoft.Hosting.Lifetime) Hosting environment: "Production"
2025-05-28 01:45:57 [INF] (Microsoft.Hosting.Lifetime) Content root path: "C:\Users\m1510\Desktop\RuanGou-project\frontend\bin\Debug\net8.0-windows"
2025-05-28 01:53:50 [INF] (Microsoft.Hosting.Lifetime) Application started. Press Ctrl+C to shut down.
2025-05-28 01:53:50 [INF] (Microsoft.Hosting.Lifetime) Hosting environment: "Production"
2025-05-28 01:53:50 [INF] (Microsoft.Hosting.Lifetime) Content root path: "C:\Users\m1510\Desktop\RuanGou-project\frontend\bin\Debug\net8.0-windows"
2025-05-28 01:54:52 [INF] (Microsoft.Hosting.Lifetime) Application started. Press Ctrl+C to shut down.
2025-05-28 01:54:52 [INF] (Microsoft.Hosting.Lifetime) Hosting environment: "Production"
2025-05-28 01:54:52 [INF] (Microsoft.Hosting.Lifetime) Content root path: "C:\Users\m1510\Desktop\RuanGou-project\frontend\bin\Debug\net8.0-windows"
2025-05-28 01:55:46 [INF] (Microsoft.Hosting.Lifetime) Application started. Press Ctrl+C to shut down.
2025-05-28 01:55:46 [INF] (Microsoft.Hosting.Lifetime) Hosting environment: "Production"
2025-05-28 01:55:46 [INF] (Microsoft.Hosting.Lifetime) Content root path: "C:\Users\m1510\Desktop\RuanGou-project\frontend\bin\Debug\net8.0-windows"
2025-05-28 01:55:54 [ERR] () 程序退出了
2025-05-28 02:01:57 [INF] (Microsoft.Hosting.Lifetime) Application started. Press Ctrl+C to shut down.
2025-05-28 02:01:57 [INF] (Microsoft.Hosting.Lifetime) Hosting environment: "Production"
2025-05-28 02:01:57 [INF] (Microsoft.Hosting.Lifetime) Content root path: "C:\Users\m1510\Desktop\RuanGou-project\frontend\bin\Debug\net8.0-windows"
2025-05-28 02:03:12 [INF] (Microsoft.Hosting.Lifetime) Application started. Press Ctrl+C to shut down.
2025-05-28 02:03:12 [INF] (Microsoft.Hosting.Lifetime) Hosting environment: "Production"
2025-05-28 02:03:12 [INF] (Microsoft.Hosting.Lifetime) Content root path: "C:\Users\m1510\Desktop\RuanGou-project\frontend\bin\Debug\net8.0-windows"
2025-05-28 02:08:37 [INF] (Microsoft.Hosting.Lifetime) Application started. Press Ctrl+C to shut down.
2025-05-28 02:08:37 [INF] (Microsoft.Hosting.Lifetime) Hosting environment: "Production"
2025-05-28 02:08:37 [INF] (Microsoft.Hosting.Lifetime) Content root path: "C:\Users\m1510\Desktop\RuanGou-project\frontend\bin\Debug\net8.0-windows"
2025-05-28 02:14:04 [INF] (Microsoft.Hosting.Lifetime) Application started. Press Ctrl+C to shut down.
2025-05-28 02:14:04 [INF] (Microsoft.Hosting.Lifetime) Hosting environment: "Production"
2025-05-28 02:14:04 [INF] (Microsoft.Hosting.Lifetime) Content root path: "C:\Users\m1510\Desktop\RuanGou-project\frontend\bin\Debug\net8.0-windows"
2025-05-28 02:18:53 [INF] (Microsoft.Hosting.Lifetime) Application started. Press Ctrl+C to shut down.
2025-05-28 02:18:53 [INF] (Microsoft.Hosting.Lifetime) Hosting environment: "Production"
2025-05-28 02:18:53 [INF] (Microsoft.Hosting.Lifetime) Content root path: "C:\Users\m1510\Desktop\RuanGou-project\frontend\bin\Debug\net8.0-windows"
2025-05-28 02:19:09 [ERR] () 程序退出了
2025-05-28 02:20:00 [INF] (Microsoft.Hosting.Lifetime) Application started. Press Ctrl+C to shut down.
2025-05-28 02:20:00 [INF] (Microsoft.Hosting.Lifetime) Hosting environment: "Production"
2025-05-28 02:20:00 [INF] (Microsoft.Hosting.Lifetime) Content root path: "C:\Users\m1510\Desktop\RuanGou-project\frontend\bin\Debug\net8.0-windows"
2025-05-28 02:20:12 [ERR] () 程序退出了
2025-05-28 02:22:19 [INF] (Microsoft.Hosting.Lifetime) Application started. Press Ctrl+C to shut down.
2025-05-28 02:22:19 [INF] (Microsoft.Hosting.Lifetime) Hosting environment: "Production"
2025-05-28 02:22:19 [INF] (Microsoft.Hosting.Lifetime) Content root path: "C:\Users\m1510\Desktop\RuanGou-project\frontend\bin\Debug\net8.0-windows"
2025-05-28 02:22:24 [ERR] () 程序退出了
2025-05-28 02:36:13 [INF] (Microsoft.Hosting.Lifetime) Application started. Press Ctrl+C to shut down.
2025-05-28 02:36:13 [INF] (Microsoft.Hosting.Lifetime) Hosting environment: "Production"
2025-05-28 02:36:13 [INF] (Microsoft.Hosting.Lifetime) Content root path: "C:\Users\m1510\Desktop\RuanGou-project\frontend\bin\Debug\net8.0-windows"
2025-05-28 02:36:52 [INF] (Microsoft.Hosting.Lifetime) Application started. Press Ctrl+C to shut down.
2025-05-28 02:36:52 [INF] (Microsoft.Hosting.Lifetime) Hosting environment: "Production"
2025-05-28 02:36:52 [INF] (Microsoft.Hosting.Lifetime) Content root path: "C:\Users\m1510\Desktop\RuanGou-project\frontend\bin\Debug\net8.0-windows"
2025-05-28 02:37:02 [ERR] () 程序退出了
2025-05-28 02:37:45 [INF] (Microsoft.Hosting.Lifetime) Application started. Press Ctrl+C to shut down.
2025-05-28 02:37:45 [INF] (Microsoft.Hosting.Lifetime) Hosting environment: "Production"
2025-05-28 02:37:45 [INF] (Microsoft.Hosting.Lifetime) Content root path: "C:\Users\m1510\Desktop\RuanGou-project\frontend\bin\Debug\net8.0-windows"
2025-05-28 02:40:09 [INF] (Microsoft.Hosting.Lifetime) Application started. Press Ctrl+C to shut down.
2025-05-28 02:40:09 [INF] (Microsoft.Hosting.Lifetime) Hosting environment: "Production"
2025-05-28 02:40:09 [INF] (Microsoft.Hosting.Lifetime) Content root path: "C:\Users\m1510\Desktop\RuanGou-project\frontend\bin\Debug\net8.0-windows"
2025-05-28 02:40:48 [ERR] () 程序退出了
2025-05-28 02:41:22 [INF] (Microsoft.Hosting.Lifetime) Application started. Press Ctrl+C to shut down.
2025-05-28 02:41:22 [INF] (Microsoft.Hosting.Lifetime) Hosting environment: "Production"
2025-05-28 02:41:22 [INF] (Microsoft.Hosting.Lifetime) Content root path: "C:\Users\m1510\Desktop\RuanGou-project\frontend\bin\Debug\net8.0-windows"
2025-05-28 02:41:36 [ERR] () 程序退出了
2025-05-28 02:41:50 [INF] (Microsoft.Hosting.Lifetime) Application started. Press Ctrl+C to shut down.
2025-05-28 02:41:50 [INF] (Microsoft.Hosting.Lifetime) Hosting environment: "Production"
2025-05-28 02:41:50 [INF] (Microsoft.Hosting.Lifetime) Content root path: "C:\Users\m1510\Desktop\RuanGou-project\frontend\bin\Debug\net8.0-windows"
2025-05-28 02:42:00 [ERR] () 程序退出了
2025-05-28 02:42:17 [INF] (Microsoft.Hosting.Lifetime) Application started. Press Ctrl+C to shut down.
2025-05-28 02:42:17 [INF] (Microsoft.Hosting.Lifetime) Hosting environment: "Production"
2025-05-28 02:42:17 [INF] (Microsoft.Hosting.Lifetime) Content root path: "C:\Users\m1510\Desktop\RuanGou-project\frontend\bin\Debug\net8.0-windows"
2025-05-28 02:45:03 [INF] (Microsoft.Hosting.Lifetime) Application started. Press Ctrl+C to shut down.
2025-05-28 02:45:04 [INF] (Microsoft.Hosting.Lifetime) Hosting environment: "Production"
2025-05-28 02:45:04 [INF] (Microsoft.Hosting.Lifetime) Content root path: "C:\Users\m1510\Desktop\RuanGou-project\frontend\bin\Debug\net8.0-windows"
2025-05-28 02:49:21 [INF] (Microsoft.Hosting.Lifetime) Application started. Press Ctrl+C to shut down.
2025-05-28 02:49:22 [INF] (Microsoft.Hosting.Lifetime) Hosting environment: "Production"
2025-05-28 02:49:22 [INF] (Microsoft.Hosting.Lifetime) Content root path: "C:\Users\m1510\Desktop\RuanGou-project\frontend\bin\Debug\net8.0-windows"
2025-05-28 02:49:30 [ERR] () 程序退出了
