2025-05-25 14:14:15 [INF] (Microsoft.Hosting.Lifetime) Application started. Press Ctrl+C to shut down.
2025-05-25 14:14:15 [INF] (Microsoft.Hosting.Lifetime) Hosting environment: "Production"
2025-05-25 14:14:15 [INF] (Microsoft.Hosting.Lifetime) Content root path: "C:\Download\RuanGou-project-main\RuanGou-project-main\frontend\bin\Debug\net8.0-windows"
2025-05-25 14:14:18 [INF] (frontend.ViewModels.SettingViewModel) 初始化设置页面数据
2025-05-25 14:14:51 [INF] (Microsoft.Hosting.Lifetime) Application started. Press Ctrl+C to shut down.
2025-05-25 14:14:51 [INF] (Microsoft.Hosting.Lifetime) Hosting environment: "Production"
2025-05-25 14:14:51 [INF] (Microsoft.Hosting.Lifetime) Content root path: "C:\Download\RuanGou-project-main\RuanGou-project-main\frontend\bin\Debug\net8.0-windows"
2025-05-25 14:14:58 [INF] (frontend.ViewModels.QuickLaunchViewModel) 快捷方式数据已保存
2025-05-25 14:15:10 [ERR] () 程序退出了
2025-05-25 14:27:30 [INF] (Microsoft.Hosting.Lifetime) Application started. Press Ctrl+C to shut down.
2025-05-25 14:27:30 [INF] (Microsoft.Hosting.Lifetime) Hosting environment: "Production"
2025-05-25 14:27:30 [INF] (Microsoft.Hosting.Lifetime) Content root path: "C:\Download\RuanGou-project-main\RuanGou-project-main\frontend\bin\Debug\net8.0-windows"
2025-05-25 14:27:56 [INF] (Microsoft.Hosting.Lifetime) Application started. Press Ctrl+C to shut down.
2025-05-25 14:27:56 [INF] (Microsoft.Hosting.Lifetime) Hosting environment: "Production"
2025-05-25 14:27:56 [INF] (Microsoft.Hosting.Lifetime) Content root path: "C:\Download\RuanGou-project-main\RuanGou-project-main\frontend\bin\Debug\net8.0-windows"
2025-05-25 14:32:35 [INF] (Microsoft.Hosting.Lifetime) Application started. Press Ctrl+C to shut down.
2025-05-25 14:32:35 [INF] (Microsoft.Hosting.Lifetime) Hosting environment: "Production"
2025-05-25 14:32:35 [INF] (Microsoft.Hosting.Lifetime) Content root path: "C:\Download\RuanGou-project-main\RuanGou-project-main\frontend\bin\Debug\net8.0-windows"
2025-05-25 14:33:25 [INF] (Microsoft.Hosting.Lifetime) Application started. Press Ctrl+C to shut down.
2025-05-25 14:33:25 [INF] (Microsoft.Hosting.Lifetime) Hosting environment: "Production"
2025-05-25 14:33:25 [INF] (Microsoft.Hosting.Lifetime) Content root path: "C:\Download\RuanGou-project-main\RuanGou-project-main\frontend\bin\Debug\net8.0-windows"
2025-05-25 14:33:41 [ERR] () 程序退出了
2025-05-25 14:35:38 [INF] (Microsoft.Hosting.Lifetime) Application started. Press Ctrl+C to shut down.
2025-05-25 14:35:38 [INF] (Microsoft.Hosting.Lifetime) Hosting environment: "Production"
2025-05-25 14:35:38 [INF] (Microsoft.Hosting.Lifetime) Content root path: "C:\Download\RuanGou-project-main\RuanGou-project-main\frontend\bin\Debug\net8.0-windows"
2025-05-25 14:36:16 [ERR] () 程序退出了
2025-05-25 14:37:10 [INF] (Microsoft.Hosting.Lifetime) Application started. Press Ctrl+C to shut down.
2025-05-25 14:37:10 [INF] (Microsoft.Hosting.Lifetime) Hosting environment: "Production"
2025-05-25 14:37:10 [INF] (Microsoft.Hosting.Lifetime) Content root path: "C:\Download\RuanGou-project-main\RuanGou-project-main\frontend\bin\Debug\net8.0-windows"
2025-05-25 14:37:30 [ERR] () 程序退出了
2025-05-25 14:40:07 [INF] (Microsoft.Hosting.Lifetime) Application started. Press Ctrl+C to shut down.
2025-05-25 14:40:07 [INF] (Microsoft.Hosting.Lifetime) Hosting environment: "Production"
2025-05-25 14:40:07 [INF] (Microsoft.Hosting.Lifetime) Content root path: "C:\Download\RuanGou-project-main\RuanGou-project-main\frontend\bin\Debug\net8.0-windows"
2025-05-25 14:40:38 [ERR] () 程序退出了
2025-05-25 14:43:47 [INF] (Microsoft.Hosting.Lifetime) Application started. Press Ctrl+C to shut down.
2025-05-25 14:43:48 [INF] (Microsoft.Hosting.Lifetime) Hosting environment: "Production"
2025-05-25 14:43:48 [INF] (Microsoft.Hosting.Lifetime) Content root path: "C:\Download\RuanGou-project-main\RuanGou-project-main\frontend\bin\Debug\net8.0-windows"
2025-05-25 15:23:27 [INF] (Microsoft.Hosting.Lifetime) Application started. Press Ctrl+C to shut down.
2025-05-25 15:23:27 [INF] (Microsoft.Hosting.Lifetime) Hosting environment: "Production"
2025-05-25 15:23:27 [INF] (Microsoft.Hosting.Lifetime) Content root path: "C:\Download\RuanGou-project-main\RuanGou-project-main\frontend\bin\Debug\net8.0-windows"
2025-05-25 15:23:37 [ERR] () 程序退出了
2025-05-25 15:24:01 [INF] (Microsoft.Hosting.Lifetime) Application started. Press Ctrl+C to shut down.
2025-05-25 15:24:01 [INF] (Microsoft.Hosting.Lifetime) Hosting environment: "Production"
2025-05-25 15:24:01 [INF] (Microsoft.Hosting.Lifetime) Content root path: "C:\Download\RuanGou-project-main\RuanGou-project-main\frontend\bin\Debug\net8.0-windows"
2025-05-25 15:24:22 [ERR] () 程序退出了
2025-05-25 15:25:50 [INF] (Microsoft.Hosting.Lifetime) Application started. Press Ctrl+C to shut down.
2025-05-25 15:25:50 [INF] (Microsoft.Hosting.Lifetime) Hosting environment: "Production"
2025-05-25 15:25:50 [INF] (Microsoft.Hosting.Lifetime) Content root path: "C:\Download\RuanGou-project-main\RuanGou-project-main\frontend\bin\Debug\net8.0-windows"
2025-05-25 15:26:02 [ERR] () 程序退出了
2025-05-25 15:31:00 [INF] (Microsoft.Hosting.Lifetime) Application started. Press Ctrl+C to shut down.
2025-05-25 15:31:00 [INF] (Microsoft.Hosting.Lifetime) Hosting environment: "Production"
2025-05-25 15:31:00 [INF] (Microsoft.Hosting.Lifetime) Content root path: "C:\Download\RuanGou-project-main\RuanGou-project-main\frontend\bin\Debug\net8.0-windows"
2025-05-25 15:31:19 [ERR] () 程序退出了
2025-05-25 15:35:22 [INF] (Microsoft.Hosting.Lifetime) Application started. Press Ctrl+C to shut down.
2025-05-25 15:35:22 [INF] (Microsoft.Hosting.Lifetime) Hosting environment: "Production"
2025-05-25 15:35:22 [INF] (Microsoft.Hosting.Lifetime) Content root path: "C:\Download\RuanGou-project-main\RuanGou-project-main\frontend\bin\Debug\net8.0-windows"
2025-05-25 15:35:51 [ERR] () 程序退出了
2025-05-25 15:36:29 [INF] (Microsoft.Hosting.Lifetime) Application started. Press Ctrl+C to shut down.
2025-05-25 15:36:29 [INF] (Microsoft.Hosting.Lifetime) Hosting environment: "Production"
2025-05-25 15:36:29 [INF] (Microsoft.Hosting.Lifetime) Content root path: "C:\Download\RuanGou-project-main\RuanGou-project-main\frontend\bin\Debug\net8.0-windows"
2025-05-25 15:36:56 [ERR] () 程序退出了
2025-05-25 15:38:50 [INF] (Microsoft.Hosting.Lifetime) Application started. Press Ctrl+C to shut down.
2025-05-25 15:38:50 [INF] (Microsoft.Hosting.Lifetime) Hosting environment: "Production"
2025-05-25 15:38:50 [INF] (Microsoft.Hosting.Lifetime) Content root path: "C:\Download\RuanGou-project-main\RuanGou-project-main\frontend\bin\Debug\net8.0-windows"
2025-05-25 15:39:07 [ERR] () 程序退出了
2025-05-25 15:40:02 [INF] (Microsoft.Hosting.Lifetime) Application started. Press Ctrl+C to shut down.
2025-05-25 15:40:02 [INF] (Microsoft.Hosting.Lifetime) Hosting environment: "Production"
2025-05-25 15:40:02 [INF] (Microsoft.Hosting.Lifetime) Content root path: "C:\Download\RuanGou-project-main\RuanGou-project-main\frontend\bin\Debug\net8.0-windows"
2025-05-25 15:40:09 [ERR] () 程序退出了
2025-05-25 15:41:48 [INF] (Microsoft.Hosting.Lifetime) Application started. Press Ctrl+C to shut down.
2025-05-25 15:41:48 [INF] (Microsoft.Hosting.Lifetime) Hosting environment: "Production"
2025-05-25 15:41:48 [INF] (Microsoft.Hosting.Lifetime) Content root path: "C:\Download\RuanGou-project-main\RuanGou-project-main\frontend\bin\Debug\net8.0-windows"
2025-05-25 15:42:04 [ERR] () 程序退出了
2025-05-25 15:42:53 [INF] (Microsoft.Hosting.Lifetime) Application started. Press Ctrl+C to shut down.
2025-05-25 15:42:53 [INF] (Microsoft.Hosting.Lifetime) Hosting environment: "Production"
2025-05-25 15:42:53 [INF] (Microsoft.Hosting.Lifetime) Content root path: "C:\Download\RuanGou-project-main\RuanGou-project-main\frontend\bin\Debug\net8.0-windows"
2025-05-25 15:43:03 [ERR] () 程序退出了
2025-05-25 15:45:46 [INF] (Microsoft.Hosting.Lifetime) Application started. Press Ctrl+C to shut down.
2025-05-25 15:45:46 [INF] (Microsoft.Hosting.Lifetime) Hosting environment: "Production"
2025-05-25 15:45:46 [INF] (Microsoft.Hosting.Lifetime) Content root path: "C:\Download\RuanGou-project-main\RuanGou-project-main\frontend\bin\Debug\net8.0-windows"
2025-05-25 15:45:54 [ERR] () 程序退出了
2025-05-25 15:51:00 [INF] (Microsoft.Hosting.Lifetime) Application started. Press Ctrl+C to shut down.
2025-05-25 15:51:00 [INF] (Microsoft.Hosting.Lifetime) Hosting environment: "Production"
2025-05-25 15:51:00 [INF] (Microsoft.Hosting.Lifetime) Content root path: "C:\Download\RuanGou-project-main\RuanGou-project-main\frontend\bin\Debug\net8.0-windows"
2025-05-25 15:51:22 [ERR] () 程序退出了
2025-05-25 15:55:33 [INF] (Microsoft.Hosting.Lifetime) Application started. Press Ctrl+C to shut down.
2025-05-25 15:55:33 [INF] (Microsoft.Hosting.Lifetime) Hosting environment: "Production"
2025-05-25 15:55:33 [INF] (Microsoft.Hosting.Lifetime) Content root path: "C:\Download\RuanGou-project-main\RuanGou-project-main\frontend\bin\Debug\net8.0-windows"
2025-05-25 15:57:32 [INF] (Microsoft.Hosting.Lifetime) Application started. Press Ctrl+C to shut down.
2025-05-25 15:57:32 [INF] (Microsoft.Hosting.Lifetime) Hosting environment: "Production"
2025-05-25 15:57:32 [INF] (Microsoft.Hosting.Lifetime) Content root path: "C:\Download\RuanGou-project-main\RuanGou-project-main\frontend\bin\Debug\net8.0-windows"
2025-05-25 15:57:42 [INF] (frontend.ViewModels.QuickLaunchViewModel) 添加了新的快捷方式: Magpie
2025-05-25 15:57:42 [INF] (frontend.ViewModels.QuickLaunchViewModel) 快捷方式数据已保存
2025-05-25 15:57:50 [INF] (frontend.ViewModels.QuickLaunchViewModel) 删除了快捷方式: Magpie
2025-05-25 15:57:50 [INF] (frontend.ViewModels.QuickLaunchViewModel) 快捷方式数据已保存
2025-05-25 15:57:55 [INF] (frontend.ViewModels.QuickLaunchViewModel) 快捷方式数据已保存
2025-05-25 15:58:08 [INF] (frontend.ViewModels.QuickLaunchViewModel) 快捷方式数据已保存
2025-05-25 15:58:09 [INF] (frontend.ViewModels.QuickLaunchViewModel) 快捷方式数据已保存
2025-05-25 15:58:12 [INF] (frontend.ViewModels.QuickLaunchViewModel) 快捷方式数据已保存
2025-05-25 15:58:13 [ERR] () 程序退出了
2025-05-25 16:00:53 [ERR] () 程序退出了
2025-05-25 16:09:35 [INF] (Microsoft.Hosting.Lifetime) Application started. Press Ctrl+C to shut down.
2025-05-25 16:09:35 [INF] (Microsoft.Hosting.Lifetime) Hosting environment: "Production"
2025-05-25 16:09:35 [INF] (Microsoft.Hosting.Lifetime) Content root path: "C:\Download\RuanGou-project-main\RuanGou-project-main\frontend\bin\Debug\net8.0-windows"
2025-05-25 16:11:08 [INF] (Microsoft.Hosting.Lifetime) Application started. Press Ctrl+C to shut down.
2025-05-25 16:11:08 [INF] (Microsoft.Hosting.Lifetime) Hosting environment: "Production"
2025-05-25 16:11:08 [INF] (Microsoft.Hosting.Lifetime) Content root path: "C:\Download\RuanGou-project-main\RuanGou-project-main\frontend\bin\Debug\net8.0-windows"
2025-05-25 16:11:28 [INF] (frontend.ViewModels.QuickLaunchViewModel) 快捷方式数据已保存
2025-05-25 16:11:30 [INF] (frontend.ViewModels.QuickLaunchViewModel) 快捷方式数据已保存
2025-05-25 16:11:33 [INF] (frontend.ViewModels.QuickLaunchViewModel) 快捷方式数据已保存
2025-05-25 16:11:36 [ERR] () 程序退出了
2025-05-25 16:14:53 [INF] (Microsoft.Hosting.Lifetime) Application started. Press Ctrl+C to shut down.
2025-05-25 16:14:53 [INF] (Microsoft.Hosting.Lifetime) Hosting environment: "Production"
2025-05-25 16:14:53 [INF] (Microsoft.Hosting.Lifetime) Content root path: "C:\Download\RuanGou-project-main\RuanGou-project-main\frontend\bin\Debug\net8.0-windows"
2025-05-25 16:15:18 [INF] (frontend.ViewModels.QuickLaunchViewModel) 快捷方式数据已保存
2025-05-25 16:15:19 [INF] (frontend.ViewModels.QuickLaunchViewModel) 快捷方式数据已保存
2025-05-25 16:15:32 [INF] (frontend.ViewModels.QuickLaunchViewModel) 快捷方式数据已保存
2025-05-25 16:15:33 [INF] (frontend.ViewModels.QuickLaunchViewModel) 快捷方式数据已保存
2025-05-25 16:15:36 [INF] (frontend.ViewModels.QuickLaunchViewModel) 快捷方式数据已保存
2025-05-25 16:15:44 [ERR] () 程序退出了
2025-05-25 16:22:00 [INF] (Microsoft.Hosting.Lifetime) Application started. Press Ctrl+C to shut down.
2025-05-25 16:22:00 [INF] (Microsoft.Hosting.Lifetime) Hosting environment: "Production"
2025-05-25 16:22:00 [INF] (Microsoft.Hosting.Lifetime) Content root path: "C:\Download\RuanGou-project-main\RuanGou-project-main\frontend\bin\Debug\net8.0-windows"
2025-05-25 16:22:06 [INF] (frontend.ViewModels.QuickLaunchViewModel) 快捷方式数据已保存
2025-05-25 16:22:12 [INF] (frontend.ViewModels.QuickLaunchViewModel) 快捷方式数据已保存
2025-05-25 16:22:29 [INF] (frontend.ViewModels.QuickLaunchViewModel) 快捷方式数据已保存
2025-05-25 16:22:43 [INF] (frontend.ViewModels.QuickLaunchViewModel) 快捷方式数据已保存
2025-05-25 16:22:45 [INF] (frontend.ViewModels.QuickLaunchViewModel) 快捷方式数据已保存
2025-05-25 16:22:46 [INF] (frontend.ViewModels.QuickLaunchViewModel) 快捷方式数据已保存
2025-05-25 16:22:49 [INF] (frontend.ViewModels.QuickLaunchViewModel) 快捷方式数据已保存
2025-05-25 16:22:51 [INF] (frontend.ViewModels.QuickLaunchViewModel) 快捷方式数据已保存
2025-05-25 16:22:55 [ERR] () 程序退出了
2025-05-25 16:27:21 [INF] (Microsoft.Hosting.Lifetime) Application started. Press Ctrl+C to shut down.
2025-05-25 16:27:21 [INF] (Microsoft.Hosting.Lifetime) Hosting environment: "Production"
2025-05-25 16:27:21 [INF] (Microsoft.Hosting.Lifetime) Content root path: "C:\Download\RuanGou-project-main\RuanGou-project-main\frontend\bin\Debug\net8.0-windows"
2025-05-25 16:27:41 [ERR] () 程序退出了
2025-05-25 16:29:06 [INF] (Microsoft.Hosting.Lifetime) Application started. Press Ctrl+C to shut down.
2025-05-25 16:29:06 [INF] (Microsoft.Hosting.Lifetime) Hosting environment: "Production"
2025-05-25 16:29:06 [INF] (Microsoft.Hosting.Lifetime) Content root path: "C:\Download\RuanGou-project-main\RuanGou-project-main\frontend\bin\Debug\net8.0-windows"
2025-05-25 16:29:27 [INF] (frontend.ViewModels.QuickLaunchViewModel) 快捷方式数据已保存
2025-05-25 16:29:29 [INF] (frontend.ViewModels.QuickLaunchViewModel) 快捷方式数据已保存
2025-05-25 16:29:31 [INF] (frontend.ViewModels.QuickLaunchViewModel) 快捷方式数据已保存
2025-05-25 16:29:38 [INF] (frontend.ViewModels.QuickLaunchViewModel) 快捷方式数据已保存
2025-05-25 16:29:41 [INF] (frontend.ViewModels.QuickLaunchViewModel) 快捷方式数据已保存
2025-05-25 16:29:49 [ERR] () 程序退出了
2025-05-25 16:32:04 [INF] (Microsoft.Hosting.Lifetime) Application started. Press Ctrl+C to shut down.
2025-05-25 16:32:04 [INF] (Microsoft.Hosting.Lifetime) Hosting environment: "Production"
2025-05-25 16:32:04 [INF] (Microsoft.Hosting.Lifetime) Content root path: "C:\Download\RuanGou-project-main\RuanGou-project-main\frontend\bin\Debug\net8.0-windows"
2025-05-25 16:32:37 [INF] (Microsoft.Hosting.Lifetime) Application started. Press Ctrl+C to shut down.
2025-05-25 16:32:37 [INF] (Microsoft.Hosting.Lifetime) Hosting environment: "Production"
2025-05-25 16:32:37 [INF] (Microsoft.Hosting.Lifetime) Content root path: "C:\Download\RuanGou-project-main\RuanGou-project-main\frontend\bin\Debug\net8.0-windows"
2025-05-25 16:33:54 [INF] (Microsoft.Hosting.Lifetime) Application started. Press Ctrl+C to shut down.
2025-05-25 16:33:54 [INF] (Microsoft.Hosting.Lifetime) Hosting environment: "Production"
2025-05-25 16:33:54 [INF] (Microsoft.Hosting.Lifetime) Content root path: "C:\Download\RuanGou-project-main\RuanGou-project-main\frontend\bin\Debug\net8.0-windows"
2025-05-25 16:33:59 [INF] (frontend.ViewModels.QuickLaunchViewModel) 快捷方式数据已保存
2025-05-25 16:34:57 [INF] (frontend.ViewModels.QuickLaunchViewModel) 添加了新的快捷方式: Magpie
2025-05-25 16:34:57 [INF] (frontend.ViewModels.QuickLaunchViewModel) 快捷方式数据已保存
2025-05-25 16:34:58 [INF] (frontend.ViewModels.QuickLaunchViewModel) 快捷方式数据已保存
2025-05-25 16:35:00 [INF] (frontend.ViewModels.QuickLaunchViewModel) 快捷方式数据已保存
2025-05-25 16:35:02 [INF] (frontend.ViewModels.QuickLaunchViewModel) 快捷方式数据已保存
2025-05-25 16:35:03 [ERR] () 程序退出了
2025-05-25 16:35:10 [INF] (Microsoft.Hosting.Lifetime) Application started. Press Ctrl+C to shut down.
2025-05-25 16:35:10 [INF] (Microsoft.Hosting.Lifetime) Hosting environment: "Production"
2025-05-25 16:35:10 [INF] (Microsoft.Hosting.Lifetime) Content root path: "C:\Download\RuanGou-project-main\RuanGou-project-main\frontend\bin\Debug\net8.0-windows"
2025-05-25 16:35:15 [INF] (frontend.ViewModels.QuickLaunchViewModel) 从文件加载了 1 个快捷方式
2025-05-25 16:35:16 [INF] (frontend.ViewModels.QuickLaunchViewModel) 快捷方式数据已保存
2025-05-25 16:36:10 [ERR] () 程序退出了
2025-05-25 16:38:21 [INF] (Microsoft.Hosting.Lifetime) Application started. Press Ctrl+C to shut down.
2025-05-25 16:38:21 [INF] (Microsoft.Hosting.Lifetime) Hosting environment: "Production"
2025-05-25 16:38:21 [INF] (Microsoft.Hosting.Lifetime) Content root path: "C:\Download\RuanGou-project-main\RuanGou-project-main\frontend\bin\Debug\net8.0-windows"
2025-05-25 16:38:25 [INF] (frontend.ViewModels.QuickLaunchViewModel) 从文件加载了 1 个快捷方式
2025-05-25 16:38:26 [INF] (frontend.ViewModels.QuickLaunchViewModel) 快捷方式数据已保存
2025-05-25 16:39:39 [ERR] () 程序退出了
2025-05-25 16:41:54 [INF] (Microsoft.Hosting.Lifetime) Application started. Press Ctrl+C to shut down.
2025-05-25 16:41:54 [INF] (Microsoft.Hosting.Lifetime) Hosting environment: "Production"
2025-05-25 16:41:54 [INF] (Microsoft.Hosting.Lifetime) Content root path: "C:\Download\RuanGou-project-main\RuanGou-project-main\frontend\bin\Debug\net8.0-windows"
2025-05-25 16:41:58 [INF] (frontend.ViewModels.QuickLaunchViewModel) 从文件加载了 1 个快捷方式
2025-05-25 16:41:59 [INF] (frontend.ViewModels.QuickLaunchViewModel) 快捷方式数据已保存
2025-05-25 16:42:56 [ERR] () 程序退出了
2025-05-25 16:44:26 [INF] (Microsoft.Hosting.Lifetime) Application started. Press Ctrl+C to shut down.
2025-05-25 16:44:26 [INF] (Microsoft.Hosting.Lifetime) Hosting environment: "Production"
2025-05-25 16:44:26 [INF] (Microsoft.Hosting.Lifetime) Content root path: "C:\Download\RuanGou-project-main\RuanGou-project-main\frontend\bin\Debug\net8.0-windows"
2025-05-25 16:46:02 [ERR] () 程序退出了
2025-05-25 16:46:08 [INF] (Microsoft.Hosting.Lifetime) Application started. Press Ctrl+C to shut down.
2025-05-25 16:46:08 [INF] (Microsoft.Hosting.Lifetime) Hosting environment: "Production"
2025-05-25 16:46:08 [INF] (Microsoft.Hosting.Lifetime) Content root path: "C:\Download\RuanGou-project-main\RuanGou-project-main\frontend\bin\Debug\net8.0-windows"
2025-05-25 16:46:16 [INF] (frontend.ViewModels.QuickLaunchViewModel) 从文件加载了 1 个快捷方式
2025-05-25 16:46:17 [INF] (frontend.ViewModels.QuickLaunchViewModel) 快捷方式数据已保存
2025-05-25 16:46:28 [ERR] () 程序退出了
2025-05-25 16:47:19 [INF] (Microsoft.Hosting.Lifetime) Application started. Press Ctrl+C to shut down.
2025-05-25 16:47:19 [INF] (Microsoft.Hosting.Lifetime) Hosting environment: "Production"
2025-05-25 16:47:19 [INF] (Microsoft.Hosting.Lifetime) Content root path: "C:\Download\RuanGou-project-main\RuanGou-project-main\frontend\bin\Debug\net8.0-windows"
2025-05-25 16:47:34 [INF] (frontend.ViewModels.QuickLaunchViewModel) 从文件加载了 1 个快捷方式
2025-05-25 16:47:35 [INF] (frontend.ViewModels.QuickLaunchViewModel) 快捷方式数据已保存
2025-05-25 16:48:47 [ERR] () 程序退出了
2025-05-25 16:49:17 [INF] (Microsoft.Hosting.Lifetime) Application started. Press Ctrl+C to shut down.
2025-05-25 16:49:17 [INF] (Microsoft.Hosting.Lifetime) Hosting environment: "Production"
2025-05-25 16:49:17 [INF] (Microsoft.Hosting.Lifetime) Content root path: "C:\Download\RuanGou-project-main\RuanGou-project-main\frontend\bin\Debug\net8.0-windows"
2025-05-25 16:49:27 [INF] (frontend.ViewModels.QuickLaunchViewModel) 从文件加载了 1 个快捷方式
2025-05-25 16:49:43 [INF] (Microsoft.Hosting.Lifetime) Application started. Press Ctrl+C to shut down.
2025-05-25 16:49:43 [INF] (Microsoft.Hosting.Lifetime) Hosting environment: "Production"
2025-05-25 16:49:43 [INF] (Microsoft.Hosting.Lifetime) Content root path: "C:\Download\RuanGou-project-main\RuanGou-project-main\frontend\bin\Debug\net8.0-windows"
2025-05-25 16:50:01 [INF] (frontend.ViewModels.QuickLaunchViewModel) 从文件加载了 1 个快捷方式
2025-05-25 16:50:05 [INF] (frontend.ViewModels.QuickLaunchViewModel) 删除了快捷方式: Magpie
2025-05-25 16:50:05 [INF] (frontend.ViewModels.QuickLaunchViewModel) 快捷方式数据已保存
2025-05-25 16:50:06 [INF] (frontend.ViewModels.QuickLaunchViewModel) 快捷方式数据已保存
2025-05-25 16:50:37 [ERR] () 程序退出了
2025-05-25 16:53:08 [INF] (Microsoft.Hosting.Lifetime) Application started. Press Ctrl+C to shut down.
2025-05-25 16:53:08 [INF] (Microsoft.Hosting.Lifetime) Hosting environment: "Production"
2025-05-25 16:53:08 [INF] (Microsoft.Hosting.Lifetime) Content root path: "C:\Download\RuanGou-project-main\RuanGou-project-main\frontend\bin\Debug\net8.0-windows"
2025-05-25 16:54:12 [ERR] () 程序退出了
2025-05-25 16:58:22 [INF] (Microsoft.Hosting.Lifetime) Application started. Press Ctrl+C to shut down.
2025-05-25 16:58:22 [INF] (Microsoft.Hosting.Lifetime) Hosting environment: "Production"
2025-05-25 16:58:22 [INF] (Microsoft.Hosting.Lifetime) Content root path: "C:\Download\RuanGou-project-main\RuanGou-project-main\frontend\bin\Debug\net8.0-windows"
2025-05-25 16:59:35 [INF] (Microsoft.Hosting.Lifetime) Application started. Press Ctrl+C to shut down.
2025-05-25 16:59:35 [INF] (Microsoft.Hosting.Lifetime) Hosting environment: "Production"
2025-05-25 16:59:35 [INF] (Microsoft.Hosting.Lifetime) Content root path: "C:\Download\RuanGou-project-main\RuanGou-project-main\frontend\bin\Debug\net8.0-windows"
2025-05-25 17:00:02 [ERR] () 程序退出了
2025-05-25 17:02:02 [INF] (Microsoft.Hosting.Lifetime) Application started. Press Ctrl+C to shut down.
2025-05-25 17:02:02 [INF] (Microsoft.Hosting.Lifetime) Hosting environment: "Production"
2025-05-25 17:02:02 [INF] (Microsoft.Hosting.Lifetime) Content root path: "C:\Download\RuanGou-project-main\RuanGou-project-main\frontend\bin\Debug\net8.0-windows"
2025-05-25 17:02:16 [ERR] () 程序退出了
2025-05-25 17:04:58 [INF] (Microsoft.Hosting.Lifetime) Application started. Press Ctrl+C to shut down.
2025-05-25 17:04:58 [INF] (Microsoft.Hosting.Lifetime) Hosting environment: "Production"
2025-05-25 17:04:58 [INF] (Microsoft.Hosting.Lifetime) Content root path: "C:\Download\RuanGou-project-main\RuanGou-project-main\frontend\bin\Debug\net8.0-windows"
2025-05-25 17:07:17 [INF] (Microsoft.Hosting.Lifetime) Application started. Press Ctrl+C to shut down.
2025-05-25 17:07:17 [INF] (Microsoft.Hosting.Lifetime) Hosting environment: "Production"
2025-05-25 17:07:17 [INF] (Microsoft.Hosting.Lifetime) Content root path: "C:\Download\RuanGou-project-main\RuanGou-project-main\frontend\bin\Debug\net8.0-windows"
2025-05-25 17:07:31 [ERR] () 程序退出了
2025-05-25 18:00:57 [INF] (Microsoft.Hosting.Lifetime) Application started. Press Ctrl+C to shut down.
2025-05-25 18:00:57 [INF] (Microsoft.Hosting.Lifetime) Hosting environment: "Production"
2025-05-25 18:00:57 [INF] (Microsoft.Hosting.Lifetime) Content root path: "C:\Download\RuanGou-project-main\RuanGou-project-main\frontend\bin\Debug\net8.0-windows"
2025-05-25 18:01:10 [INF] (frontend.ViewModels.QuickLaunchViewModel) 快捷方式数据已保存
2025-05-25 18:01:12 [ERR] () 程序退出了
2025-05-25 18:01:44 [INF] (Microsoft.Hosting.Lifetime) Application started. Press Ctrl+C to shut down.
2025-05-25 18:01:44 [INF] (Microsoft.Hosting.Lifetime) Hosting environment: "Production"
2025-05-25 18:01:44 [INF] (Microsoft.Hosting.Lifetime) Content root path: "C:\Download\RuanGou-project-main\RuanGou-project-main\frontend\bin\Debug\net8.0-windows"
2025-05-25 18:01:57 [ERR] () 程序退出了
2025-05-25 18:02:51 [INF] (Microsoft.Hosting.Lifetime) Application started. Press Ctrl+C to shut down.
2025-05-25 18:02:51 [INF] (Microsoft.Hosting.Lifetime) Hosting environment: "Production"
2025-05-25 18:02:51 [INF] (Microsoft.Hosting.Lifetime) Content root path: "C:\Download\RuanGou-project-main\RuanGou-project-main\frontend\bin\Debug\net8.0-windows"
2025-05-25 18:03:31 [ERR] () 程序退出了
2025-05-25 18:03:41 [INF] (Microsoft.Hosting.Lifetime) Application started. Press Ctrl+C to shut down.
2025-05-25 18:03:41 [INF] (Microsoft.Hosting.Lifetime) Hosting environment: "Production"
2025-05-25 18:03:41 [INF] (Microsoft.Hosting.Lifetime) Content root path: "C:\Download\RuanGou-project-main\RuanGou-project-main\frontend\bin\Debug\net8.0-windows"
2025-05-25 18:03:48 [ERR] () 程序退出了
2025-05-25 18:04:49 [INF] (Microsoft.Hosting.Lifetime) Application started. Press Ctrl+C to shut down.
2025-05-25 18:04:49 [INF] (Microsoft.Hosting.Lifetime) Hosting environment: "Production"
2025-05-25 18:04:49 [INF] (Microsoft.Hosting.Lifetime) Content root path: "C:\Download\RuanGou-project-main\RuanGou-project-main\frontend\bin\Debug\net8.0-windows"
2025-05-25 18:05:46 [INF] (frontend.ViewModels.QuickLaunchViewModel) 添加了新的快捷方式: Magpie
2025-05-25 18:05:46 [INF] (frontend.ViewModels.QuickLaunchViewModel) 快捷方式数据已保存
2025-05-25 18:05:58 [INF] (frontend.ViewModels.QuickLaunchViewModel) 删除了快捷方式: Magpie
2025-05-25 18:05:58 [INF] (frontend.ViewModels.QuickLaunchViewModel) 快捷方式数据已保存
2025-05-25 18:06:00 [INF] (frontend.ViewModels.QuickLaunchViewModel) 快捷方式数据已保存
2025-05-25 18:06:13 [INF] (frontend.ViewModels.QuickLaunchViewModel) 快捷方式数据已保存
2025-05-25 18:06:20 [INF] (frontend.ViewModels.QuickLaunchViewModel) 快捷方式数据已保存
2025-05-25 18:06:25 [ERR] () 程序退出了
2025-05-25 18:06:33 [INF] (Microsoft.Hosting.Lifetime) Application started. Press Ctrl+C to shut down.
2025-05-25 18:06:33 [INF] (Microsoft.Hosting.Lifetime) Hosting environment: "Production"
2025-05-25 18:06:33 [INF] (Microsoft.Hosting.Lifetime) Content root path: "C:\Download\RuanGou-project-main\RuanGou-project-main\frontend\bin\Debug\net8.0-windows"
2025-05-25 18:06:40 [INF] (frontend.ViewModels.QuickLaunchViewModel) 快捷方式数据已保存
2025-05-25 18:06:42 [ERR] () 程序退出了
