2025-05-16 00:10:34 [INF] (Microsoft.Hosting.Lifetime) Application started. Press Ctrl+C to shut down.
2025-05-16 00:10:34 [INF] (Microsoft.Hosting.Lifetime) Hosting environment: "Production"
2025-05-16 00:10:34 [INF] (Microsoft.Hosting.Lifetime) Content root path: "C:\Users\m1510\Desktop\RuanGou-project\frontend\bin\Debug\net8.0-windows"
2025-05-16 00:11:51 [ERR] () 程序退出了
2025-05-16 00:25:09 [INF] (Microsoft.Hosting.Lifetime) Application started. Press Ctrl+C to shut down.
2025-05-16 00:25:09 [INF] (Microsoft.Hosting.Lifetime) Hosting environment: "Production"
2025-05-16 00:25:09 [INF] (Microsoft.Hosting.Lifetime) Content root path: "C:\Users\m1510\Desktop\RuanGou-project\frontend\bin\Debug\net8.0-windows"
2025-05-16 00:26:02 [DBG] (frontend.ViewModels.DashboardViewModel) 写入Debug日志
2025-05-16 00:26:02 [INF] (frontend.ViewModels.DashboardViewModel) 写入Information日志
2025-05-16 00:26:02 [WRN] (frontend.ViewModels.DashboardViewModel) 写入Warning日志
2025-05-16 00:26:02 [ERR] (frontend.ViewModels.DashboardViewModel) 写入Error日志
2025-05-16 00:26:23 [ERR] () 程序退出了
2025-05-16 00:27:08 [INF] (Microsoft.Hosting.Lifetime) Application started. Press Ctrl+C to shut down.
2025-05-16 00:27:08 [INF] (Microsoft.Hosting.Lifetime) Hosting environment: "Production"
2025-05-16 00:27:08 [INF] (Microsoft.Hosting.Lifetime) Content root path: "C:\Users\m1510\Desktop\RuanGou-project\frontend\bin\Debug\net8.0-windows"
2025-05-16 00:27:21 [ERR] () 程序退出了
2025-05-16 00:33:02 [INF] (Microsoft.Hosting.Lifetime) Application started. Press Ctrl+C to shut down.
2025-05-16 00:33:02 [INF] (Microsoft.Hosting.Lifetime) Hosting environment: "Production"
2025-05-16 00:33:02 [INF] (Microsoft.Hosting.Lifetime) Content root path: "C:\Users\m1510\Desktop\RuanGou-project\frontend\bin\Debug\net8.0-windows"
2025-05-16 00:33:26 [ERR] () 程序退出了
2025-05-16 00:38:46 [INF] (Microsoft.Hosting.Lifetime) Application started. Press Ctrl+C to shut down.
2025-05-16 00:38:46 [INF] (Microsoft.Hosting.Lifetime) Hosting environment: "Production"
2025-05-16 00:38:46 [INF] (Microsoft.Hosting.Lifetime) Content root path: "C:\Users\m1510\Desktop\RuanGou-project\frontend\bin\Debug\net8.0-windows"
2025-05-16 00:39:03 [ERR] () 程序退出了
2025-05-16 00:41:20 [INF] (Microsoft.Hosting.Lifetime) Application started. Press Ctrl+C to shut down.
2025-05-16 00:41:20 [INF] (Microsoft.Hosting.Lifetime) Hosting environment: "Production"
2025-05-16 00:41:20 [INF] (Microsoft.Hosting.Lifetime) Content root path: "C:\Users\m1510\Desktop\RuanGou-project\frontend\bin\Debug\net8.0-windows"
2025-05-16 00:41:38 [ERR] () 程序退出了
2025-05-16 00:42:25 [ERR] () 程序退出了
2025-05-16 00:44:44 [INF] (Microsoft.Hosting.Lifetime) Application started. Press Ctrl+C to shut down.
2025-05-16 00:44:44 [INF] (Microsoft.Hosting.Lifetime) Hosting environment: "Production"
2025-05-16 00:44:44 [INF] (Microsoft.Hosting.Lifetime) Content root path: "C:\Users\m1510\Desktop\RuanGou-project\frontend\bin\Debug\net8.0-windows"
2025-05-16 00:44:51 [ERR] () 程序退出了
2025-05-16 00:46:16 [INF] (Microsoft.Hosting.Lifetime) Application started. Press Ctrl+C to shut down.
2025-05-16 00:46:16 [INF] (Microsoft.Hosting.Lifetime) Hosting environment: "Production"
2025-05-16 00:46:16 [INF] (Microsoft.Hosting.Lifetime) Content root path: "C:\Users\m1510\Desktop\RuanGou-project\frontend\bin\Debug\net8.0-windows"
2025-05-16 00:46:31 [ERR] () 程序退出了
2025-05-16 00:47:38 [INF] (Microsoft.Hosting.Lifetime) Application started. Press Ctrl+C to shut down.
2025-05-16 00:47:38 [INF] (Microsoft.Hosting.Lifetime) Hosting environment: "Production"
2025-05-16 00:47:38 [INF] (Microsoft.Hosting.Lifetime) Content root path: "C:\Users\m1510\Desktop\RuanGou-project\frontend\bin\Debug\net8.0-windows"
2025-05-16 00:47:48 [ERR] () 程序退出了
2025-05-16 00:57:33 [INF] (Microsoft.Hosting.Lifetime) Application started. Press Ctrl+C to shut down.
2025-05-16 00:57:33 [INF] (Microsoft.Hosting.Lifetime) Hosting environment: "Production"
2025-05-16 00:57:33 [INF] (Microsoft.Hosting.Lifetime) Content root path: "C:\Users\m1510\Desktop\RuanGou-project\frontend\bin\Debug\net8.0-windows"
2025-05-16 00:58:27 [ERR] () 程序退出了
2025-05-16 01:00:31 [INF] (Microsoft.Hosting.Lifetime) Application started. Press Ctrl+C to shut down.
2025-05-16 01:00:32 [INF] (Microsoft.Hosting.Lifetime) Hosting environment: "Production"
2025-05-16 01:00:32 [INF] (Microsoft.Hosting.Lifetime) Content root path: "C:\Users\m1510\Desktop\RuanGou-project\frontend\bin\Debug\net8.0-windows"
2025-05-16 01:01:28 [ERR] () 程序退出了
2025-05-16 01:05:56 [INF] (Microsoft.Hosting.Lifetime) Application started. Press Ctrl+C to shut down.
2025-05-16 01:05:56 [INF] (Microsoft.Hosting.Lifetime) Hosting environment: "Production"
2025-05-16 01:05:56 [INF] (Microsoft.Hosting.Lifetime) Content root path: "C:\Users\m1510\Desktop\RuanGou-project\frontend\bin\Debug\net8.0-windows"
2025-05-16 01:06:14 [ERR] () 程序退出了
2025-05-16 01:09:20 [INF] (Microsoft.Hosting.Lifetime) Application started. Press Ctrl+C to shut down.
2025-05-16 01:09:20 [INF] (Microsoft.Hosting.Lifetime) Hosting environment: "Production"
2025-05-16 01:09:20 [INF] (Microsoft.Hosting.Lifetime) Content root path: "C:\Users\m1510\Desktop\RuanGou-project\frontend\bin\Debug\net8.0-windows"
2025-05-16 01:09:29 [ERR] () 程序退出了
2025-05-16 01:10:47 [INF] (Microsoft.Hosting.Lifetime) Application started. Press Ctrl+C to shut down.
2025-05-16 01:10:47 [INF] (Microsoft.Hosting.Lifetime) Hosting environment: "Production"
2025-05-16 01:10:47 [INF] (Microsoft.Hosting.Lifetime) Content root path: "C:\Users\m1510\Desktop\RuanGou-project\frontend\bin\Debug\net8.0-windows"
2025-05-16 01:11:05 [ERR] () 程序退出了
2025-05-16 01:26:26 [INF] (Microsoft.Hosting.Lifetime) Application started. Press Ctrl+C to shut down.
2025-05-16 01:26:26 [INF] (Microsoft.Hosting.Lifetime) Hosting environment: "Production"
2025-05-16 01:26:26 [INF] (Microsoft.Hosting.Lifetime) Content root path: "C:\Users\m1510\Desktop\RuanGou-project\frontend\bin\Debug\net8.0-windows"
2025-05-16 01:27:44 [ERR] () 程序退出了
2025-05-16 01:32:08 [INF] (Microsoft.Hosting.Lifetime) Application started. Press Ctrl+C to shut down.
2025-05-16 01:32:08 [INF] (Microsoft.Hosting.Lifetime) Hosting environment: "Production"
2025-05-16 01:32:08 [INF] (Microsoft.Hosting.Lifetime) Content root path: "C:\Users\m1510\Desktop\RuanGou-project\frontend\bin\Debug\net8.0-windows"
2025-05-16 01:35:56 [ERR] () 程序退出了
2025-05-16 01:36:37 [INF] (Microsoft.Hosting.Lifetime) Application started. Press Ctrl+C to shut down.
2025-05-16 01:36:37 [INF] (Microsoft.Hosting.Lifetime) Hosting environment: "Production"
2025-05-16 01:36:37 [INF] (Microsoft.Hosting.Lifetime) Content root path: "C:\Users\m1510\Desktop\RuanGou-project\frontend\bin\Debug\net8.0-windows"
2025-05-16 01:37:59 [ERR] () 程序退出了
2025-05-16 01:39:14 [INF] (Microsoft.Hosting.Lifetime) Application started. Press Ctrl+C to shut down.
2025-05-16 01:39:14 [INF] (Microsoft.Hosting.Lifetime) Hosting environment: "Production"
2025-05-16 01:39:14 [INF] (Microsoft.Hosting.Lifetime) Content root path: "C:\Users\m1510\Desktop\RuanGou-project\frontend\bin\Debug\net8.0-windows"
2025-05-16 01:39:41 [ERR] () 程序退出了
2025-05-16 01:42:14 [INF] (Microsoft.Hosting.Lifetime) Application started. Press Ctrl+C to shut down.
2025-05-16 01:42:14 [INF] (Microsoft.Hosting.Lifetime) Hosting environment: "Production"
2025-05-16 01:42:14 [INF] (Microsoft.Hosting.Lifetime) Content root path: "C:\Users\m1510\Desktop\RuanGou-project\frontend\bin\Debug\net8.0-windows"
2025-05-16 01:42:38 [ERR] () 程序退出了
2025-05-16 01:43:41 [INF] (Microsoft.Hosting.Lifetime) Application started. Press Ctrl+C to shut down.
2025-05-16 01:43:41 [INF] (Microsoft.Hosting.Lifetime) Hosting environment: "Production"
2025-05-16 01:43:41 [INF] (Microsoft.Hosting.Lifetime) Content root path: "C:\Users\m1510\Desktop\RuanGou-project\frontend\bin\Debug\net8.0-windows"
2025-05-16 01:44:16 [ERR] () 程序退出了
2025-05-16 01:45:40 [INF] (Microsoft.Hosting.Lifetime) Application started. Press Ctrl+C to shut down.
2025-05-16 01:45:40 [INF] (Microsoft.Hosting.Lifetime) Hosting environment: "Production"
2025-05-16 01:45:40 [INF] (Microsoft.Hosting.Lifetime) Content root path: "C:\Users\m1510\Desktop\RuanGou-project\frontend\bin\Debug\net8.0-windows"
2025-05-16 01:45:58 [ERR] () 程序退出了
2025-05-16 01:48:57 [INF] (Microsoft.Hosting.Lifetime) Application started. Press Ctrl+C to shut down.
2025-05-16 01:48:57 [INF] (Microsoft.Hosting.Lifetime) Hosting environment: "Production"
2025-05-16 01:48:57 [INF] (Microsoft.Hosting.Lifetime) Content root path: "C:\Users\m1510\Desktop\RuanGou-project\frontend\bin\Debug\net8.0-windows"
2025-05-16 01:49:12 [ERR] () 程序退出了
2025-05-16 14:26:37 [ERR] () 程序退出了
2025-05-16 14:26:44 [INF] (Microsoft.Hosting.Lifetime) Application started. Press Ctrl+C to shut down.
2025-05-16 14:26:44 [INF] (Microsoft.Hosting.Lifetime) Hosting environment: "Production"
2025-05-16 14:26:44 [INF] (Microsoft.Hosting.Lifetime) Content root path: "C:\Users\qq864\Desktop\Project\软构项目\RuanGou-project\frontend\bin\Debug\net8.0-windows"
2025-05-16 14:26:52 [INF] (frontend.ViewModels.QuickLaunchViewModel) 添加了默认快捷方式
2025-05-16 14:26:52 [INF] (frontend.ViewModels.QuickLaunchViewModel) 快捷方式数据已保存
2025-05-16 14:26:53 [INF] (frontend.ViewModels.QuickLaunchViewModel) 快捷方式数据已保存
2025-05-16 14:27:25 [INF] (frontend.ViewModels.QuickLaunchViewModel) 启动了快捷方式: 计算器
2025-05-16 14:27:25 [INF] (frontend.ViewModels.QuickLaunchViewModel) 快捷方式数据已保存
2025-05-16 14:27:49 [INF] (frontend.ViewModels.QuickLaunchViewModel) 快捷方式数据已保存
2025-05-16 14:27:51 [INF] (frontend.ViewModels.QuickLaunchViewModel) 快捷方式数据已保存
2025-05-16 14:29:58 [ERR] () 程序退出了
2025-05-16 14:30:56 [INF] (Microsoft.Hosting.Lifetime) Application started. Press Ctrl+C to shut down.
2025-05-16 14:30:57 [INF] (Microsoft.Hosting.Lifetime) Hosting environment: "Production"
2025-05-16 14:30:57 [INF] (Microsoft.Hosting.Lifetime) Content root path: "C:\Users\qq864\Desktop\Project\软构项目\RuanGou-project\frontend\bin\Debug\net8.0-windows"
2025-05-16 14:40:35 [INF] (Microsoft.Hosting.Lifetime) Application started. Press Ctrl+C to shut down.
2025-05-16 14:40:35 [INF] (Microsoft.Hosting.Lifetime) Hosting environment: "Production"
2025-05-16 14:40:35 [INF] (Microsoft.Hosting.Lifetime) Content root path: "C:\Users\qq864\Desktop\Project\软构项目\RuanGou-project\frontend\bin\Debug\net8.0-windows"
2025-05-16 15:00:17 [INF] (frontend.ViewModels.QuickLaunchViewModel) 从文件加载了 3 个快捷方式
2025-05-16 15:06:46 [INF] (frontend.ViewModels.QuickLaunchViewModel) 快捷方式数据已保存
2025-05-16 15:33:01 [ERR] () 程序退出了
2025-05-16 15:33:07 [INF] (Microsoft.Hosting.Lifetime) Application started. Press Ctrl+C to shut down.
2025-05-16 15:33:07 [INF] (Microsoft.Hosting.Lifetime) Hosting environment: "Production"
2025-05-16 15:33:07 [INF] (Microsoft.Hosting.Lifetime) Content root path: "C:\Users\qq864\Desktop\Project\软构项目\RuanGou-project\frontend\bin\Debug\net8.0-windows"
2025-05-16 15:34:31 [INF] (Microsoft.Hosting.Lifetime) Application started. Press Ctrl+C to shut down.
2025-05-16 15:34:31 [INF] (Microsoft.Hosting.Lifetime) Hosting environment: "Production"
2025-05-16 15:34:31 [INF] (Microsoft.Hosting.Lifetime) Content root path: "C:\Users\qq864\Desktop\Project\软构项目\RuanGou-project\frontend\bin\Debug\net8.0-windows"
2025-05-16 15:34:35 [INF] (frontend.ViewModels.QuickLaunchViewModel) 从文件加载了 3 个快捷方式
2025-05-16 15:34:37 [ERR] () 程序退出了
2025-05-16 15:36:59 [INF] (Microsoft.Hosting.Lifetime) Application started. Press Ctrl+C to shut down.
2025-05-16 15:36:59 [INF] (Microsoft.Hosting.Lifetime) Hosting environment: "Production"
2025-05-16 15:36:59 [INF] (Microsoft.Hosting.Lifetime) Content root path: "C:\Users\qq864\Desktop\Project\软构项目\RuanGou-project\frontend\bin\Debug\net8.0-windows"
2025-05-16 15:37:19 [INF] (frontend.ViewModels.QuickLaunchViewModel) 从文件加载了 3 个快捷方式
2025-05-16 15:37:20 [INF] (frontend.ViewModels.QuickLaunchViewModel) 快捷方式数据已保存
2025-05-16 15:43:24 [INF] (frontend.ViewModels.QuickLaunchViewModel) 快捷方式数据已保存
2025-05-16 15:43:24 [INF] (frontend.ViewModels.QuickLaunchViewModel) 快捷方式数据已保存
2025-05-16 15:43:29 [INF] (frontend.ViewModels.QuickLaunchViewModel) 快捷方式数据已保存
2025-05-16 15:43:30 [INF] (frontend.ViewModels.QuickLaunchViewModel) 快捷方式数据已保存
2025-05-16 15:43:31 [INF] (frontend.ViewModels.QuickLaunchViewModel) 快捷方式数据已保存
2025-05-16 15:43:32 [INF] (frontend.ViewModels.QuickLaunchViewModel) 快捷方式数据已保存
2025-05-16 15:45:18 [ERR] () 程序退出了
2025-05-16 14:39:23 [INF] (Microsoft.Hosting.Lifetime) Application started. Press Ctrl+C to shut down.
2025-05-16 14:39:23 [INF] (Microsoft.Hosting.Lifetime) Hosting environment: "Production"
2025-05-16 14:39:23 [INF] (Microsoft.Hosting.Lifetime) Content root path: "C:\Users\m1510\Desktop\RuanGou-project\frontend\bin\Debug\net8.0-windows"
2025-05-16 14:39:27 [INF] (frontend.ViewModels.QuickLaunchViewModel) 从文件加载了 3 个快捷方式
2025-05-16 14:39:28 [ERR] () 程序退出了
2025-05-16 14:40:45 [INF] (Microsoft.Hosting.Lifetime) Application started. Press Ctrl+C to shut down.
2025-05-16 14:40:45 [INF] (Microsoft.Hosting.Lifetime) Hosting environment: "Production"
2025-05-16 14:40:45 [INF] (Microsoft.Hosting.Lifetime) Content root path: "C:\Users\m1510\Desktop\RuanGou-project\frontend\bin\Debug\net8.0-windows"
2025-05-16 14:40:51 [ERR] () 程序退出了
2025-05-16 15:16:40 [INF] (Microsoft.Hosting.Lifetime) Application started. Press Ctrl+C to shut down.
2025-05-16 15:16:40 [INF] (Microsoft.Hosting.Lifetime) Hosting environment: "Production"
2025-05-16 15:16:40 [INF] (Microsoft.Hosting.Lifetime) Content root path: "C:\Users\m1510\Desktop\RuanGou-project\frontend\bin\Debug\net8.0-windows"
2025-05-16 15:17:14 [ERR] () 程序退出了
2025-05-16 15:17:39 [INF] (Microsoft.Hosting.Lifetime) Application started. Press Ctrl+C to shut down.
2025-05-16 15:17:39 [INF] (Microsoft.Hosting.Lifetime) Hosting environment: "Production"
2025-05-16 15:17:39 [INF] (Microsoft.Hosting.Lifetime) Content root path: "C:\Users\m1510\Desktop\RuanGou-project\frontend\bin\Debug\net8.0-windows"
2025-05-16 15:17:50 [ERR] () 程序退出了
2025-05-16 15:19:01 [INF] (Microsoft.Hosting.Lifetime) Application started. Press Ctrl+C to shut down.
2025-05-16 15:19:01 [INF] (Microsoft.Hosting.Lifetime) Hosting environment: "Production"
2025-05-16 15:19:01 [INF] (Microsoft.Hosting.Lifetime) Content root path: "C:\Users\m1510\Desktop\RuanGou-project\frontend\bin\Debug\net8.0-windows"
2025-05-16 15:19:53 [ERR] () 程序退出了
2025-05-16 15:21:30 [INF] (Microsoft.Hosting.Lifetime) Application started. Press Ctrl+C to shut down.
2025-05-16 15:21:30 [INF] (Microsoft.Hosting.Lifetime) Hosting environment: "Production"
2025-05-16 15:21:30 [INF] (Microsoft.Hosting.Lifetime) Content root path: "C:\Users\m1510\Desktop\RuanGou-project\frontend\bin\Debug\net8.0-windows"
2025-05-16 15:22:34 [ERR] () 程序退出了
2025-05-16 15:27:29 [INF] (Microsoft.Hosting.Lifetime) Application started. Press Ctrl+C to shut down.
2025-05-16 15:27:29 [INF] (Microsoft.Hosting.Lifetime) Hosting environment: "Production"
2025-05-16 15:27:29 [INF] (Microsoft.Hosting.Lifetime) Content root path: "C:\Users\m1510\Desktop\RuanGou-project\frontend\bin\Debug\net8.0-windows"
2025-05-16 15:27:48 [ERR] () 程序退出了
2025-05-16 15:29:08 [INF] (Microsoft.Hosting.Lifetime) Application started. Press Ctrl+C to shut down.
2025-05-16 15:29:08 [INF] (Microsoft.Hosting.Lifetime) Hosting environment: "Production"
2025-05-16 15:29:08 [INF] (Microsoft.Hosting.Lifetime) Content root path: "C:\Users\m1510\Desktop\RuanGou-project\frontend\bin\Debug\net8.0-windows"
2025-05-16 15:29:17 [ERR] () 程序退出了
