2025-05-26 01:26:16 [INF] (Microsoft.Hosting.Lifetime) Application started. Press Ctrl+C to shut down.
2025-05-26 01:26:16 [INF] (Microsoft.Hosting.Lifetime) Hosting environment: "Production"
2025-05-26 01:26:16 [INF] (Microsoft.Hosting.Lifetime) Content root path: "C:\Users\29586\RuanGou-project\frontend\bin\Debug\net8.0-windows"
2025-05-26 01:27:20 [ERR] () 程序退出了
2025-05-26 01:28:46 [INF] (Microsoft.Hosting.Lifetime) Application started. Press Ctrl+C to shut down.
2025-05-26 01:28:46 [INF] (Microsoft.Hosting.Lifetime) Hosting environment: "Production"
2025-05-26 01:28:46 [INF] (Microsoft.Hosting.Lifetime) Content root path: "C:\Users\29586\RuanGou-project\frontend\bin\Debug\net8.0-windows"
2025-05-26 01:30:18 [ERR] () 程序退出了
2025-05-26 01:38:16 [INF] (Microsoft.Hosting.Lifetime) Application started. Press Ctrl+C to shut down.
2025-05-26 01:38:16 [INF] (Microsoft.Hosting.Lifetime) Hosting environment: "Production"
2025-05-26 01:38:16 [INF] (Microsoft.Hosting.Lifetime) Content root path: "C:\Users\29586\RuanGou-project\frontend\bin\Debug\net8.0-windows"
2025-05-26 01:38:25 [INF] (frontend.ViewModels.QuickLaunchViewModel) 从文件加载了 3 个快捷方式
2025-05-26 01:38:25 [INF] (frontend.ViewModels.QuickLaunchViewModel) 快捷方式数据已保存
2025-05-26 01:49:14 [ERR] () 程序退出了
2025-05-26 01:56:37 [INF] (Microsoft.Hosting.Lifetime) Application started. Press Ctrl+C to shut down.
2025-05-26 01:56:37 [INF] (Microsoft.Hosting.Lifetime) Hosting environment: "Production"
2025-05-26 01:56:37 [INF] (Microsoft.Hosting.Lifetime) Content root path: "C:\Users\29586\RuanGou-project\frontend\bin\Debug\net8.0-windows"
2025-05-26 02:07:27 [ERR] () 程序退出了
2025-05-26 02:11:12 [INF] (Microsoft.Hosting.Lifetime) Application started. Press Ctrl+C to shut down.
2025-05-26 02:11:12 [INF] (Microsoft.Hosting.Lifetime) Hosting environment: "Production"
2025-05-26 02:11:12 [INF] (Microsoft.Hosting.Lifetime) Content root path: "C:\Users\29586\RuanGou-project\frontend\bin\Debug\net8.0-windows"
2025-05-26 02:29:18 [ERR] () 程序退出了
2025-05-26 02:29:34 [INF] (Microsoft.Hosting.Lifetime) Application started. Press Ctrl+C to shut down.
2025-05-26 02:29:34 [INF] (Microsoft.Hosting.Lifetime) Hosting environment: "Production"
2025-05-26 02:29:34 [INF] (Microsoft.Hosting.Lifetime) Content root path: "C:\Users\29586\RuanGou-project\frontend\bin\Debug\net8.0-windows"
2025-05-26 02:34:26 [ERR] () 程序退出了
2025-05-26 02:37:36 [INF] (Microsoft.Hosting.Lifetime) Application started. Press Ctrl+C to shut down.
2025-05-26 02:37:36 [INF] (Microsoft.Hosting.Lifetime) Hosting environment: "Production"
2025-05-26 02:37:36 [INF] (Microsoft.Hosting.Lifetime) Content root path: "C:\Users\29586\RuanGou-project\frontend\bin\Debug\net8.0-windows"
2025-05-26 02:38:11 [ERR] () 程序退出了
2025-05-26 02:44:01 [INF] (Microsoft.Hosting.Lifetime) Application started. Press Ctrl+C to shut down.
2025-05-26 02:44:01 [INF] (Microsoft.Hosting.Lifetime) Hosting environment: "Production"
2025-05-26 02:44:01 [INF] (Microsoft.Hosting.Lifetime) Content root path: "C:\Users\29586\RuanGou-project\frontend\bin\Debug\net8.0-windows"
2025-05-26 02:49:40 [ERR] () 程序退出了
2025-05-26 02:55:53 [INF] (Microsoft.Hosting.Lifetime) Application started. Press Ctrl+C to shut down.
2025-05-26 02:55:53 [INF] (Microsoft.Hosting.Lifetime) Hosting environment: "Production"
2025-05-26 02:55:53 [INF] (Microsoft.Hosting.Lifetime) Content root path: "C:\Users\29586\RuanGou-project\frontend\bin\Debug\net8.0-windows"
2025-05-26 02:56:04 [ERR] () 程序退出了
2025-05-26 02:59:03 [INF] (Microsoft.Hosting.Lifetime) Application started. Press Ctrl+C to shut down.
2025-05-26 02:59:03 [INF] (Microsoft.Hosting.Lifetime) Hosting environment: "Production"
2025-05-26 02:59:03 [INF] (Microsoft.Hosting.Lifetime) Content root path: "C:\Users\29586\RuanGou-project\frontend\bin\Debug\net8.0-windows"
2025-05-26 03:00:24 [INF] (Microsoft.Hosting.Lifetime) Application started. Press Ctrl+C to shut down.
2025-05-26 03:00:24 [INF] (Microsoft.Hosting.Lifetime) Hosting environment: "Production"
2025-05-26 03:00:24 [INF] (Microsoft.Hosting.Lifetime) Content root path: "C:\Users\29586\RuanGou-project\frontend\bin\Debug\net8.0-windows"
2025-05-26 03:00:51 [ERR] () 程序退出了
2025-05-26 03:05:01 [INF] (Microsoft.Hosting.Lifetime) Application started. Press Ctrl+C to shut down.
2025-05-26 03:05:01 [INF] (Microsoft.Hosting.Lifetime) Hosting environment: "Production"
2025-05-26 03:05:01 [INF] (Microsoft.Hosting.Lifetime) Content root path: "C:\Users\29586\RuanGou-project\frontend\bin\Debug\net8.0-windows"
2025-05-26 03:09:32 [INF] (Microsoft.Hosting.Lifetime) Application started. Press Ctrl+C to shut down.
2025-05-26 03:09:32 [INF] (Microsoft.Hosting.Lifetime) Hosting environment: "Production"
2025-05-26 03:09:32 [INF] (Microsoft.Hosting.Lifetime) Content root path: "C:\Users\29586\RuanGou-project\frontend\bin\Debug\net8.0-windows"
2025-05-26 03:15:22 [ERR] () 程序退出了
